-------------------------------------------------------------------------------
Test set: edu.coursera.parallel.ReciprocalArraySumTest
-------------------------------------------------------------------------------
Tests run: 2, Failures: 0, Errors: 2, Skipped: 0, Time elapsed: 16.818 sec <<< FAILURE! - in edu.coursera.parallel.ReciprocalArraySumTest
testParSimpleTwoMillion(edu.coursera.parallel.ReciprocalArraySumTest)  Time elapsed: 0.44 sec  <<< ERROR!
java.lang.StackOverflowError
	at java.util.concurrent.ForkJoinTask.fork(ForkJoinTask.java:702)
	at edu.coursera.parallel.ReciprocalArraySum$ForkJoinCompute.compute(ReciprocalArraySum.java:197)
	at edu.coursera.parallel.ReciprocalArraySum$ForkJoinCompute.compute(ReciprocalArraySum.java:198)
	at edu.coursera.parallel.ReciprocalArraySum$ForkJoinCompute.compute(ReciprocalArraySum.java:198)
	at edu.coursera.parallel.ReciprocalArraySum$ForkJoinCompute.compute(ReciprocalArraySum.java:198)
	at edu.coursera.parallel.ReciprocalArraySum$ForkJoinCompute.compute(ReciprocalArraySum.java:198)
	at edu.coursera.parallel.ReciprocalArraySum$ForkJoinCompute.compute(ReciprocalArraySum.java:198)
	at edu.coursera.parallel.ReciprocalArraySum$ForkJoinCompute.compute(ReciprocalArraySum.java:198)
	at edu.coursera.parallel.ReciprocalArraySum$ForkJoinCompute.compute(ReciprocalArraySum.java:198)
	at edu.coursera.parallel.ReciprocalArraySum$ForkJoinCompute.compute(ReciprocalArraySum.java:198)
	at edu.coursera.parallel.ReciprocalArraySum$ForkJoinCompute.compute(ReciprocalArraySum.java:198)
	at edu.coursera.parallel.ReciprocalArraySum$ForkJoinCompute.compute(ReciprocalArraySum.java:198)
	at edu.coursera.parallel.ReciprocalArraySum$ForkJoinCompute.compute(ReciprocalArraySum.java:198)
	at edu.coursera.parallel.ReciprocalArraySum$ForkJoinCompute.compute(ReciprocalArraySum.java:198)
	at edu.coursera.parallel.ReciprocalArraySum$ForkJoinCompute.compute(ReciprocalArraySum.java:198)
	at edu.coursera.parallel.ReciprocalArraySum$ForkJoinCompute.compute(ReciprocalArraySum.java:198)
	at edu.coursera.parallel.ReciprocalArraySum$ForkJoinCompute.compute(ReciprocalArraySum.java:198)
	at edu.coursera.parallel.ReciprocalArraySum$ForkJoinCompute.compute(ReciprocalArraySum.java:198)
	at edu.coursera.parallel.ReciprocalArraySum$ForkJoinCompute.compute(ReciprocalArraySum.java:198)
	at edu.coursera.parallel.ReciprocalArraySum$ForkJoinCompute.compute(ReciprocalArraySum.java:198)
	at edu.coursera.parallel.ReciprocalArraySum$ForkJoinCompute.compute(ReciprocalArraySum.java:198)
	at edu.coursera.parallel.ReciprocalArraySum$ForkJoinCompute.compute(ReciprocalArraySum.java:198)
	at edu.coursera.parallel.ReciprocalArraySum$ForkJoinCompute.compute(ReciprocalArraySum.java:198)
	at edu.coursera.parallel.ReciprocalArraySum$ForkJoinCompute.compute(ReciprocalArraySum.java:198)
	at edu.coursera.parallel.ReciprocalArraySum$ForkJoinCompute.compute(ReciprocalArraySum.java:198)
	at edu.coursera.parallel.ReciprocalArraySum$ForkJoinCompute.compute(ReciprocalArraySum.java:198)
	at edu.coursera.parallel.ReciprocalArraySum$ForkJoinCompute.compute(ReciprocalArraySum.java:198)
	at edu.coursera.parallel.ReciprocalArraySum$ForkJoinCompute.compute(ReciprocalArraySum.java:198)
	at edu.coursera.parallel.ReciprocalArraySum$ForkJoinCompute.compute(ReciprocalArraySum.java:198)
	at edu.coursera.parallel.ReciprocalArraySum$ForkJoinCompute.compute(ReciprocalArraySum.java:198)
	at edu.coursera.parallel.ReciprocalArraySum$ForkJoinCompute.compute(ReciprocalArraySum.java:198)
	at edu.coursera.parallel.ReciprocalArraySum$ForkJoinCompute.compute(ReciprocalArraySum.java:198)
	at edu.coursera.parallel.ReciprocalArraySum$ForkJoinCompute.compute(ReciprocalArraySum.java:198)
	at edu.coursera.parallel.ReciprocalArraySum$ForkJoinCompute.compute(ReciprocalArraySum.java:198)
	at edu.coursera.parallel.ReciprocalArraySum$ForkJoinCompute.compute(ReciprocalArraySum.java:198)
	at edu.coursera.parallel.ReciprocalArraySum$ForkJoinCompute.compute(ReciprocalArraySum.java:198)
	at edu.coursera.parallel.ReciprocalArraySum$ForkJoinCompute.compute(ReciprocalArraySum.java:198)
	at edu.coursera.parallel.ReciprocalArraySum$ForkJoinCompute.compute(ReciprocalArraySum.java:198)
	at edu.coursera.parallel.ReciprocalArraySum$ForkJoinCompute.compute(ReciprocalArraySum.java:198)
	at edu.coursera.parallel.ReciprocalArraySum$ForkJoinCompute.compute(ReciprocalArraySum.java:198)
	at edu.coursera.parallel.ReciprocalArraySum$ForkJoinCompute.compute(ReciprocalArraySum.java:198)
	at edu.coursera.parallel.ReciprocalArraySum$ForkJoinCompute.compute(ReciprocalArraySum.java:198)
	at edu.coursera.parallel.ReciprocalArraySum$ForkJoinCompute.compute(ReciprocalArraySum.java:198)
	at edu.coursera.parallel.ReciprocalArraySum$ForkJoinCompute.compute(ReciprocalArraySum.java:198)
	at edu.coursera.parallel.ReciprocalArraySum$ForkJoinCompute.compute(ReciprocalArraySum.java:198)
	at edu.coursera.parallel.ReciprocalArraySum$ForkJoinCompute.compute(ReciprocalArraySum.java:198)
	at edu.coursera.parallel.ReciprocalArraySum$ForkJoinCompute.compute(ReciprocalArraySum.java:198)
	at edu.coursera.parallel.ReciprocalArraySum$ForkJoinCompute.compute(ReciprocalArraySum.java:198)
	at edu.coursera.parallel.ReciprocalArraySum$ForkJoinCompute.compute(ReciprocalArraySum.java:198)
	at edu.coursera.parallel.ReciprocalArraySum$ForkJoinCompute.compute(ReciprocalArraySum.java:198)
	at edu.coursera.parallel.ReciprocalArraySum$ForkJoinCompute.compute(ReciprocalArraySum.java:198)
	at edu.coursera.parallel.ReciprocalArraySum$ForkJoinCompute.compute(ReciprocalArraySum.java:198)
	at edu.coursera.parallel.ReciprocalArraySum$ForkJoinCompute.compute(ReciprocalArraySum.java:198)
	at edu.coursera.parallel.ReciprocalArraySum$ForkJoinCompute.compute(ReciprocalArraySum.java:198)
	at edu.coursera.parallel.ReciprocalArraySum$ForkJoinCompute.compute(ReciprocalArraySum.java:198)
	at edu.coursera.parallel.ReciprocalArraySum$ForkJoinCompute.compute(ReciprocalArraySum.java:198)
	at edu.coursera.parallel.ReciprocalArraySum$ForkJoinCompute.compute(ReciprocalArraySum.java:198)
	at edu.coursera.parallel.ReciprocalArraySum$ForkJoinCompute.compute(ReciprocalArraySum.java:198)
	at edu.coursera.parallel.ReciprocalArraySum$ForkJoinCompute.compute(ReciprocalArraySum.java:198)
	at edu.coursera.parallel.ReciprocalArraySum$ForkJoinCompute.compute(ReciprocalArraySum.java:198)
	at edu.coursera.parallel.ReciprocalArraySum$ForkJoinCompute.compute(ReciprocalArraySum.java:198)
	at edu.coursera.parallel.ReciprocalArraySum$ForkJoinCompute.compute(ReciprocalArraySum.java:198)
	at edu.coursera.parallel.ReciprocalArraySum$ForkJoinCompute.compute(ReciprocalArraySum.java:198)
	at edu.coursera.parallel.ReciprocalArraySum$ForkJoinCompute.compute(ReciprocalArraySum.java:198)
	at edu.coursera.parallel.ReciprocalArraySum$ForkJoinCompute.compute(ReciprocalArraySum.java:198)
	at edu.coursera.parallel.ReciprocalArraySum$ForkJoinCompute.compute(ReciprocalArraySum.java:198)
	at edu.coursera.parallel.ReciprocalArraySum$ForkJoinCompute.compute(ReciprocalArraySum.java:198)
	at edu.coursera.parallel.ReciprocalArraySum$ForkJoinCompute.compute(ReciprocalArraySum.java:198)
	at edu.coursera.parallel.ReciprocalArraySum$ForkJoinCompute.compute(ReciprocalArraySum.java:198)
	at edu.coursera.parallel.ReciprocalArraySum$ForkJoinCompute.compute(ReciprocalArraySum.java:198)
	at edu.coursera.parallel.ReciprocalArraySum$ForkJoinCompute.compute(ReciprocalArraySum.java:198)
	at edu.coursera.parallel.ReciprocalArraySum$ForkJoinCompute.compute(ReciprocalArraySum.java:198)
	at edu.coursera.parallel.ReciprocalArraySum$ForkJoinCompute.compute(ReciprocalArraySum.java:198)
	at edu.coursera.parallel.ReciprocalArraySum$ForkJoinCompute.compute(ReciprocalArraySum.java:198)
	at edu.coursera.parallel.ReciprocalArraySum$ForkJoinCompute.compute(ReciprocalArraySum.java:198)
	at edu.coursera.parallel.ReciprocalArraySum$ForkJoinCompute.compute(ReciprocalArraySum.java:198)
	at edu.coursera.parallel.ReciprocalArraySum$ForkJoinCompute.compute(ReciprocalArraySum.java:198)
	at edu.coursera.parallel.ReciprocalArraySum$ForkJoinCompute.compute(ReciprocalArraySum.java:198)
	at edu.coursera.parallel.ReciprocalArraySum$ForkJoinCompute.compute(ReciprocalArraySum.java:198)
	at edu.coursera.parallel.ReciprocalArraySum$ForkJoinCompute.compute(ReciprocalArraySum.java:198)
	at edu.coursera.parallel.ReciprocalArraySum$ForkJoinCompute.compute(ReciprocalArraySum.java:198)
	at edu.coursera.parallel.ReciprocalArraySum$ForkJoinCompute.compute(ReciprocalArraySum.java:198)
	at edu.coursera.parallel.ReciprocalArraySum$ForkJoinCompute.compute(ReciprocalArraySum.java:198)
	at edu.coursera.parallel.ReciprocalArraySum$ForkJoinCompute.compute(ReciprocalArraySum.java:198)
	at edu.coursera.parallel.ReciprocalArraySum$ForkJoinCompute.compute(ReciprocalArraySum.java:198)
	at edu.coursera.parallel.ReciprocalArraySum$ForkJoinCompute.compute(ReciprocalArraySum.java:198)
	at edu.coursera.parallel.ReciprocalArraySum$ForkJoinCompute.compute(ReciprocalArraySum.java:198)
	at edu.coursera.parallel.ReciprocalArraySum$ForkJoinCompute.compute(ReciprocalArraySum.java:198)
	at edu.coursera.parallel.ReciprocalArraySum$ForkJoinCompute.compute(ReciprocalArraySum.java:198)
	at edu.coursera.parallel.ReciprocalArraySum$ForkJoinCompute.compute(ReciprocalArraySum.java:198)
	at edu.coursera.parallel.ReciprocalArraySum$ForkJoinCompute.compute(ReciprocalArraySum.java:198)
	at edu.coursera.parallel.ReciprocalArraySum$ForkJoinCompute.compute(ReciprocalArraySum.java:198)
	at edu.coursera.parallel.ReciprocalArraySum$ForkJoinCompute.compute(ReciprocalArraySum.java:198)
	at edu.coursera.parallel.ReciprocalArraySum$ForkJoinCompute.compute(ReciprocalArraySum.java:198)
	at edu.coursera.parallel.ReciprocalArraySum$ForkJoinCompute.compute(ReciprocalArraySum.java:198)
	at edu.coursera.parallel.ReciprocalArraySum$ForkJoinCompute.compute(ReciprocalArraySum.java:198)
	at edu.coursera.parallel.ReciprocalArraySum$ForkJoinCompute.compute(ReciprocalArraySum.java:198)
	at edu.coursera.parallel.ReciprocalArraySum$ForkJoinCompute.compute(ReciprocalArraySum.java:198)
	at edu.coursera.parallel.ReciprocalArraySum$ForkJoinCompute.compute(ReciprocalArraySum.java:198)
	at edu.coursera.parallel.ReciprocalArraySum$ForkJoinCompute.compute(ReciprocalArraySum.java:198)
	at edu.coursera.parallel.ReciprocalArraySum$ForkJoinCompute.compute(ReciprocalArraySum.java:198)
	at edu.coursera.parallel.ReciprocalArraySum$ForkJoinCompute.compute(ReciprocalArraySum.java:198)
	at edu.coursera.parallel.ReciprocalArraySum$ForkJoinCompute.compute(ReciprocalArraySum.java:198)
	at edu.coursera.parallel.ReciprocalArraySum$ForkJoinCompute.compute(ReciprocalArraySum.java:198)
	at edu.coursera.parallel.ReciprocalArraySum$ForkJoinCompute.compute(ReciprocalArraySum.java:198)
	at edu.coursera.parallel.ReciprocalArraySum$ForkJoinCompute.compute(ReciprocalArraySum.java:198)
	at edu.coursera.parallel.ReciprocalArraySum$ForkJoinCompute.compute(ReciprocalArraySum.java:198)
	at edu.coursera.parallel.ReciprocalArraySum$ForkJoinCompute.compute(ReciprocalArraySum.java:198)
	at edu.coursera.parallel.ReciprocalArraySum$ForkJoinCompute.compute(ReciprocalArraySum.java:198)
	at edu.coursera.parallel.ReciprocalArraySum$ForkJoinCompute.compute(ReciprocalArraySum.java:198)
	at edu.coursera.parallel.ReciprocalArraySum$ForkJoinCompute.compute(ReciprocalArraySum.java:198)
	at edu.coursera.parallel.ReciprocalArraySum$ForkJoinCompute.compute(ReciprocalArraySum.java:198)
	at edu.coursera.parallel.ReciprocalArraySum$ForkJoinCompute.compute(ReciprocalArraySum.java:198)
	at edu.coursera.parallel.ReciprocalArraySum$ForkJoinCompute.compute(ReciprocalArraySum.java:198)
	at edu.coursera.parallel.ReciprocalArraySum$ForkJoinCompute.compute(ReciprocalArraySum.java:198)
	at edu.coursera.parallel.ReciprocalArraySum$ForkJoinCompute.compute(ReciprocalArraySum.java:198)
	at edu.coursera.parallel.ReciprocalArraySum$ForkJoinCompute.compute(ReciprocalArraySum.java:198)
	at edu.coursera.parallel.ReciprocalArraySum$ForkJoinCompute.compute(ReciprocalArraySum.java:198)
	at edu.coursera.parallel.ReciprocalArraySum$ForkJoinCompute.compute(ReciprocalArraySum.java:198)
	at edu.coursera.parallel.ReciprocalArraySum$ForkJoinCompute.compute(ReciprocalArraySum.java:198)
	at edu.coursera.parallel.ReciprocalArraySum$ForkJoinCompute.compute(ReciprocalArraySum.java:198)
	at edu.coursera.parallel.ReciprocalArraySum$ForkJoinCompute.compute(ReciprocalArraySum.java:198)
	at edu.coursera.parallel.ReciprocalArraySum$ForkJoinCompute.compute(ReciprocalArraySum.java:198)
	at edu.coursera.parallel.ReciprocalArraySum$ForkJoinCompute.compute(ReciprocalArraySum.java:198)
	at edu.coursera.parallel.ReciprocalArraySum$ForkJoinCompute.compute(ReciprocalArraySum.java:198)
	at edu.coursera.parallel.ReciprocalArraySum$ForkJoinCompute.compute(ReciprocalArraySum.java:198)
	at edu.coursera.parallel.ReciprocalArraySum$ForkJoinCompute.compute(ReciprocalArraySum.java:198)
	at edu.coursera.parallel.ReciprocalArraySum$ForkJoinCompute.compute(ReciprocalArraySum.java:198)
	at edu.coursera.parallel.ReciprocalArraySum$ForkJoinCompute.compute(ReciprocalArraySum.java:198)
	at edu.coursera.parallel.ReciprocalArraySum$ForkJoinCompute.compute(ReciprocalArraySum.java:198)
	at edu.coursera.parallel.ReciprocalArraySum$ForkJoinCompute.compute(ReciprocalArraySum.java:198)
	at edu.coursera.parallel.ReciprocalArraySum$ForkJoinCompute.compute(ReciprocalArraySum.java:198)
	at edu.coursera.parallel.ReciprocalArraySum$ForkJoinCompute.compute(ReciprocalArraySum.java:198)
	at edu.coursera.parallel.ReciprocalArraySum$ForkJoinCompute.compute(ReciprocalArraySum.java:198)
	at edu.coursera.parallel.ReciprocalArraySum$ForkJoinCompute.compute(ReciprocalArraySum.java:198)
	at edu.coursera.parallel.ReciprocalArraySum$ForkJoinCompute.compute(ReciprocalArraySum.java:198)
	at edu.coursera.parallel.ReciprocalArraySum$ForkJoinCompute.compute(ReciprocalArraySum.java:198)
	at edu.coursera.parallel.ReciprocalArraySum$ForkJoinCompute.compute(ReciprocalArraySum.java:198)
	at edu.coursera.parallel.ReciprocalArraySum$ForkJoinCompute.compute(ReciprocalArraySum.java:198)
	at edu.coursera.parallel.ReciprocalArraySum$ForkJoinCompute.compute(ReciprocalArraySum.java:198)
	at edu.coursera.parallel.ReciprocalArraySum$ForkJoinCompute.compute(ReciprocalArraySum.java:198)
	at edu.coursera.parallel.ReciprocalArraySum$ForkJoinCompute.compute(ReciprocalArraySum.java:198)
	at edu.coursera.parallel.ReciprocalArraySum$ForkJoinCompute.compute(ReciprocalArraySum.java:198)
	at edu.coursera.parallel.ReciprocalArraySum$ForkJoinCompute.compute(ReciprocalArraySum.java:198)
	at edu.coursera.parallel.ReciprocalArraySum$ForkJoinCompute.compute(ReciprocalArraySum.java:198)
	at edu.coursera.parallel.ReciprocalArraySum$ForkJoinCompute.compute(ReciprocalArraySum.java:198)
	at edu.coursera.parallel.ReciprocalArraySum$ForkJoinCompute.compute(ReciprocalArraySum.java:198)
	at edu.coursera.parallel.ReciprocalArraySum$ForkJoinCompute.compute(ReciprocalArraySum.java:198)
	at edu.coursera.parallel.ReciprocalArraySum$ForkJoinCompute.compute(ReciprocalArraySum.java:198)
	at edu.coursera.parallel.ReciprocalArraySum$ForkJoinCompute.compute(ReciprocalArraySum.java:198)
	at edu.coursera.parallel.ReciprocalArraySum$ForkJoinCompute.compute(ReciprocalArraySum.java:198)
	at edu.coursera.parallel.ReciprocalArraySum$ForkJoinCompute.compute(ReciprocalArraySum.java:198)
	at edu.coursera.parallel.ReciprocalArraySum$ForkJoinCompute.compute(ReciprocalArraySum.java:198)
	at edu.coursera.parallel.ReciprocalArraySum$ForkJoinCompute.compute(ReciprocalArraySum.java:198)
	at edu.coursera.parallel.ReciprocalArraySum$ForkJoinCompute.compute(ReciprocalArraySum.java:198)
	at edu.coursera.parallel.ReciprocalArraySum$ForkJoinCompute.compute(ReciprocalArraySum.java:198)
	at edu.coursera.parallel.ReciprocalArraySum$ForkJoinCompute.compute(ReciprocalArraySum.java:198)
	at edu.coursera.parallel.ReciprocalArraySum$ForkJoinCompute.compute(ReciprocalArraySum.java:198)
	at edu.coursera.parallel.ReciprocalArraySum$ForkJoinCompute.compute(ReciprocalArraySum.java:198)
	at edu.coursera.parallel.ReciprocalArraySum$ForkJoinCompute.compute(ReciprocalArraySum.java:198)
	at edu.coursera.parallel.ReciprocalArraySum$ForkJoinCompute.compute(ReciprocalArraySum.java:198)
	at edu.coursera.parallel.ReciprocalArraySum$ForkJoinCompute.compute(ReciprocalArraySum.java:198)
	at edu.coursera.parallel.ReciprocalArraySum$ForkJoinCompute.compute(ReciprocalArraySum.java:198)
	at edu.coursera.parallel.ReciprocalArraySum$ForkJoinCompute.compute(ReciprocalArraySum.java:198)
	at edu.coursera.parallel.ReciprocalArraySum$ForkJoinCompute.compute(ReciprocalArraySum.java:198)
	at edu.coursera.parallel.ReciprocalArraySum$ForkJoinCompute.compute(ReciprocalArraySum.java:198)
	at edu.coursera.parallel.ReciprocalArraySum$ForkJoinCompute.compute(ReciprocalArraySum.java:198)
	at edu.coursera.parallel.ReciprocalArraySum$ForkJoinCompute.compute(ReciprocalArraySum.java:198)
	at edu.coursera.parallel.ReciprocalArraySum$ForkJoinCompute.compute(ReciprocalArraySum.java:198)
	at edu.coursera.parallel.ReciprocalArraySum$ForkJoinCompute.compute(ReciprocalArraySum.java:198)
	at edu.coursera.parallel.ReciprocalArraySum$ForkJoinCompute.compute(ReciprocalArraySum.java:198)
	at edu.coursera.parallel.ReciprocalArraySum$ForkJoinCompute.compute(ReciprocalArraySum.java:198)
	at edu.coursera.parallel.ReciprocalArraySum$ForkJoinCompute.compute(ReciprocalArraySum.java:198)
	at edu.coursera.parallel.ReciprocalArraySum$ForkJoinCompute.compute(ReciprocalArraySum.java:198)
	at edu.coursera.parallel.ReciprocalArraySum$ForkJoinCompute.compute(ReciprocalArraySum.java:198)
	at edu.coursera.parallel.ReciprocalArraySum$ForkJoinCompute.compute(ReciprocalArraySum.java:198)
	at edu.coursera.parallel.ReciprocalArraySum$ForkJoinCompute.compute(ReciprocalArraySum.java:198)
	at edu.coursera.parallel.ReciprocalArraySum$ForkJoinCompute.compute(ReciprocalArraySum.java:198)
	at edu.coursera.parallel.ReciprocalArraySum$ForkJoinCompute.compute(ReciprocalArraySum.java:198)
	at edu.coursera.parallel.ReciprocalArraySum$ForkJoinCompute.compute(ReciprocalArraySum.java:198)
	at edu.coursera.parallel.ReciprocalArraySum$ForkJoinCompute.compute(ReciprocalArraySum.java:198)
	at edu.coursera.parallel.ReciprocalArraySum$ForkJoinCompute.compute(ReciprocalArraySum.java:198)
	at edu.coursera.parallel.ReciprocalArraySum$ForkJoinCompute.compute(ReciprocalArraySum.java:198)
	at edu.coursera.parallel.ReciprocalArraySum$ForkJoinCompute.compute(ReciprocalArraySum.java:198)
	at edu.coursera.parallel.ReciprocalArraySum$ForkJoinCompute.compute(ReciprocalArraySum.java:198)
	at edu.coursera.parallel.ReciprocalArraySum$ForkJoinCompute.compute(ReciprocalArraySum.java:198)
	at edu.coursera.parallel.ReciprocalArraySum$ForkJoinCompute.compute(ReciprocalArraySum.java:198)
	at edu.coursera.parallel.ReciprocalArraySum$ForkJoinCompute.compute(ReciprocalArraySum.java:198)
	at edu.coursera.parallel.ReciprocalArraySum$ForkJoinCompute.compute(ReciprocalArraySum.java:198)
	at edu.coursera.parallel.ReciprocalArraySum$ForkJoinCompute.compute(ReciprocalArraySum.java:198)
	at edu.coursera.parallel.ReciprocalArraySum$ForkJoinCompute.compute(ReciprocalArraySum.java:198)
	at edu.coursera.parallel.ReciprocalArraySum$ForkJoinCompute.compute(ReciprocalArraySum.java:198)
	at edu.coursera.parallel.ReciprocalArraySum$ForkJoinCompute.compute(ReciprocalArraySum.java:198)
	at edu.coursera.parallel.ReciprocalArraySum$ForkJoinCompute.compute(ReciprocalArraySum.java:198)
	at edu.coursera.parallel.ReciprocalArraySum$ForkJoinCompute.compute(ReciprocalArraySum.java:198)
	at edu.coursera.parallel.ReciprocalArraySum$ForkJoinCompute.compute(ReciprocalArraySum.java:198)
	at edu.coursera.parallel.ReciprocalArraySum$ForkJoinCompute.compute(ReciprocalArraySum.java:198)
	at edu.coursera.parallel.ReciprocalArraySum$ForkJoinCompute.compute(ReciprocalArraySum.java:198)
	at edu.coursera.parallel.ReciprocalArraySum$ForkJoinCompute.compute(ReciprocalArraySum.java:198)
	at edu.coursera.parallel.ReciprocalArraySum$ForkJoinCompute.compute(ReciprocalArraySum.java:198)
	at edu.coursera.parallel.ReciprocalArraySum$ForkJoinCompute.compute(ReciprocalArraySum.java:198)
	at edu.coursera.parallel.ReciprocalArraySum$ForkJoinCompute.compute(ReciprocalArraySum.java:198)
	at edu.coursera.parallel.ReciprocalArraySum$ForkJoinCompute.compute(ReciprocalArraySum.java:198)
	at edu.coursera.parallel.ReciprocalArraySum$ForkJoinCompute.compute(ReciprocalArraySum.java:198)
	at edu.coursera.parallel.ReciprocalArraySum$ForkJoinCompute.compute(ReciprocalArraySum.java:198)
	at edu.coursera.parallel.ReciprocalArraySum$ForkJoinCompute.compute(ReciprocalArraySum.java:198)
	at edu.coursera.parallel.ReciprocalArraySum$ForkJoinCompute.compute(ReciprocalArraySum.java:198)
	at edu.coursera.parallel.ReciprocalArraySum$ForkJoinCompute.compute(ReciprocalArraySum.java:198)
	at edu.coursera.parallel.ReciprocalArraySum$ForkJoinCompute.compute(ReciprocalArraySum.java:198)
	at edu.coursera.parallel.ReciprocalArraySum$ForkJoinCompute.compute(ReciprocalArraySum.java:198)
	at edu.coursera.parallel.ReciprocalArraySum$ForkJoinCompute.compute(ReciprocalArraySum.java:198)
	at edu.coursera.parallel.ReciprocalArraySum$ForkJoinCompute.compute(ReciprocalArraySum.java:198)
	at edu.coursera.parallel.ReciprocalArraySum$ForkJoinCompute.compute(ReciprocalArraySum.java:198)
	at edu.coursera.parallel.ReciprocalArraySum$ForkJoinCompute.compute(ReciprocalArraySum.java:198)
	at edu.coursera.parallel.ReciprocalArraySum$ForkJoinCompute.compute(ReciprocalArraySum.java:198)
	at edu.coursera.parallel.ReciprocalArraySum$ForkJoinCompute.compute(ReciprocalArraySum.java:198)
	at edu.coursera.parallel.ReciprocalArraySum$ForkJoinCompute.compute(ReciprocalArraySum.java:198)
	at edu.coursera.parallel.ReciprocalArraySum$ForkJoinCompute.compute(ReciprocalArraySum.java:198)
	at edu.coursera.parallel.ReciprocalArraySum$ForkJoinCompute.compute(ReciprocalArraySum.java:198)
	at edu.coursera.parallel.ReciprocalArraySum$ForkJoinCompute.compute(ReciprocalArraySum.java:198)
	at edu.coursera.parallel.ReciprocalArraySum$ForkJoinCompute.compute(ReciprocalArraySum.java:198)
	at edu.coursera.parallel.ReciprocalArraySum$ForkJoinCompute.compute(ReciprocalArraySum.java:198)
	at edu.coursera.parallel.ReciprocalArraySum$ForkJoinCompute.compute(ReciprocalArraySum.java:198)
	at edu.coursera.parallel.ReciprocalArraySum$ForkJoinCompute.compute(ReciprocalArraySum.java:198)
	at edu.coursera.parallel.ReciprocalArraySum$ForkJoinCompute.compute(ReciprocalArraySum.java:198)
	at edu.coursera.parallel.ReciprocalArraySum$ForkJoinCompute.compute(ReciprocalArraySum.java:198)
	at edu.coursera.parallel.ReciprocalArraySum$ForkJoinCompute.compute(ReciprocalArraySum.java:198)
	at edu.coursera.parallel.ReciprocalArraySum$ForkJoinCompute.compute(ReciprocalArraySum.java:198)
	at edu.coursera.parallel.ReciprocalArraySum$ForkJoinCompute.compute(ReciprocalArraySum.java:198)
	at edu.coursera.parallel.ReciprocalArraySum$ForkJoinCompute.compute(ReciprocalArraySum.java:198)
	at edu.coursera.parallel.ReciprocalArraySum$ForkJoinCompute.compute(ReciprocalArraySum.java:198)
	at edu.coursera.parallel.ReciprocalArraySum$ForkJoinCompute.compute(ReciprocalArraySum.java:198)
	at edu.coursera.parallel.ReciprocalArraySum$ForkJoinCompute.compute(ReciprocalArraySum.java:198)
	at edu.coursera.parallel.ReciprocalArraySum$ForkJoinCompute.compute(ReciprocalArraySum.java:198)
	at edu.coursera.parallel.ReciprocalArraySum$ForkJoinCompute.compute(ReciprocalArraySum.java:198)
	at edu.coursera.parallel.ReciprocalArraySum$ForkJoinCompute.compute(ReciprocalArraySum.java:198)
	at edu.coursera.parallel.ReciprocalArraySum$ForkJoinCompute.compute(ReciprocalArraySum.java:198)
	at edu.coursera.parallel.ReciprocalArraySum$ForkJoinCompute.compute(ReciprocalArraySum.java:198)
	at edu.coursera.parallel.ReciprocalArraySum$ForkJoinCompute.compute(ReciprocalArraySum.java:198)
	at edu.coursera.parallel.ReciprocalArraySum$ForkJoinCompute.compute(ReciprocalArraySum.java:198)
	at edu.coursera.parallel.ReciprocalArraySum$ForkJoinCompute.compute(ReciprocalArraySum.java:198)
	at edu.coursera.parallel.ReciprocalArraySum$ForkJoinCompute.compute(ReciprocalArraySum.java:198)
	at edu.coursera.parallel.ReciprocalArraySum$ForkJoinCompute.compute(ReciprocalArraySum.java:198)
	at edu.coursera.parallel.ReciprocalArraySum$ForkJoinCompute.compute(ReciprocalArraySum.java:198)
	at edu.coursera.parallel.ReciprocalArraySum$ForkJoinCompute.compute(ReciprocalArraySum.java:198)
	at edu.coursera.parallel.ReciprocalArraySum$ForkJoinCompute.compute(ReciprocalArraySum.java:198)
	at edu.coursera.parallel.ReciprocalArraySum$ForkJoinCompute.compute(ReciprocalArraySum.java:198)
	at edu.coursera.parallel.ReciprocalArraySum$ForkJoinCompute.compute(ReciprocalArraySum.java:198)
	at edu.coursera.parallel.ReciprocalArraySum$ForkJoinCompute.compute(ReciprocalArraySum.java:198)
	at edu.coursera.parallel.ReciprocalArraySum$ForkJoinCompute.compute(ReciprocalArraySum.java:198)
	at edu.coursera.parallel.ReciprocalArraySum$ForkJoinCompute.compute(ReciprocalArraySum.java:198)
	at edu.coursera.parallel.ReciprocalArraySum$ForkJoinCompute.compute(ReciprocalArraySum.java:198)
	at edu.coursera.parallel.ReciprocalArraySum$ForkJoinCompute.compute(ReciprocalArraySum.java:198)
	at edu.coursera.parallel.ReciprocalArraySum$ForkJoinCompute.compute(ReciprocalArraySum.java:198)
	at edu.coursera.parallel.ReciprocalArraySum$ForkJoinCompute.compute(ReciprocalArraySum.java:198)
	at edu.coursera.parallel.ReciprocalArraySum$ForkJoinCompute.compute(ReciprocalArraySum.java:198)
	at edu.coursera.parallel.ReciprocalArraySum$ForkJoinCompute.compute(ReciprocalArraySum.java:198)
	at edu.coursera.parallel.ReciprocalArraySum$ForkJoinCompute.compute(ReciprocalArraySum.java:198)
	at edu.coursera.parallel.ReciprocalArraySum$ForkJoinCompute.compute(ReciprocalArraySum.java:198)
	at edu.coursera.parallel.ReciprocalArraySum$ForkJoinCompute.compute(ReciprocalArraySum.java:198)
	at edu.coursera.parallel.ReciprocalArraySum$ForkJoinCompute.compute(ReciprocalArraySum.java:198)
	at edu.coursera.parallel.ReciprocalArraySum$ForkJoinCompute.compute(ReciprocalArraySum.java:198)
	at edu.coursera.parallel.ReciprocalArraySum$ForkJoinCompute.compute(ReciprocalArraySum.java:198)
	at edu.coursera.parallel.ReciprocalArraySum$ForkJoinCompute.compute(ReciprocalArraySum.java:198)
	at edu.coursera.parallel.ReciprocalArraySum$ForkJoinCompute.compute(ReciprocalArraySum.java:198)
	at edu.coursera.parallel.ReciprocalArraySum$ForkJoinCompute.compute(ReciprocalArraySum.java:198)
	at edu.coursera.parallel.ReciprocalArraySum$ForkJoinCompute.compute(ReciprocalArraySum.java:198)
	at edu.coursera.parallel.ReciprocalArraySum$ForkJoinCompute.compute(ReciprocalArraySum.java:198)
	at edu.coursera.parallel.ReciprocalArraySum$ForkJoinCompute.compute(ReciprocalArraySum.java:198)
	at edu.coursera.parallel.ReciprocalArraySum$ForkJoinCompute.compute(ReciprocalArraySum.java:198)
	at edu.coursera.parallel.ReciprocalArraySum$ForkJoinCompute.compute(ReciprocalArraySum.java:198)
	at edu.coursera.parallel.ReciprocalArraySum$ForkJoinCompute.compute(ReciprocalArraySum.java:198)
	at edu.coursera.parallel.ReciprocalArraySum$ForkJoinCompute.compute(ReciprocalArraySum.java:198)
	at edu.coursera.parallel.ReciprocalArraySum$ForkJoinCompute.compute(ReciprocalArraySum.java:198)
	at edu.coursera.parallel.ReciprocalArraySum$ForkJoinCompute.compute(ReciprocalArraySum.java:198)
	at edu.coursera.parallel.ReciprocalArraySum$ForkJoinCompute.compute(ReciprocalArraySum.java:198)
	at edu.coursera.parallel.ReciprocalArraySum$ForkJoinCompute.compute(ReciprocalArraySum.java:198)
	at edu.coursera.parallel.ReciprocalArraySum$ForkJoinCompute.compute(ReciprocalArraySum.java:198)
	at edu.coursera.parallel.ReciprocalArraySum$ForkJoinCompute.compute(ReciprocalArraySum.java:198)
	at edu.coursera.parallel.ReciprocalArraySum$ForkJoinCompute.compute(ReciprocalArraySum.java:198)
	at edu.coursera.parallel.ReciprocalArraySum$ForkJoinCompute.compute(ReciprocalArraySum.java:198)
	at edu.coursera.parallel.ReciprocalArraySum$ForkJoinCompute.compute(ReciprocalArraySum.java:198)
	at edu.coursera.parallel.ReciprocalArraySum$ForkJoinCompute.compute(ReciprocalArraySum.java:198)
	at edu.coursera.parallel.ReciprocalArraySum$ForkJoinCompute.compute(ReciprocalArraySum.java:198)
	at edu.coursera.parallel.ReciprocalArraySum$ForkJoinCompute.compute(ReciprocalArraySum.java:198)
	at edu.coursera.parallel.ReciprocalArraySum$ForkJoinCompute.compute(ReciprocalArraySum.java:198)
	at edu.coursera.parallel.ReciprocalArraySum$ForkJoinCompute.compute(ReciprocalArraySum.java:198)
	at edu.coursera.parallel.ReciprocalArraySum$ForkJoinCompute.compute(ReciprocalArraySum.java:198)
	at edu.coursera.parallel.ReciprocalArraySum$ForkJoinCompute.compute(ReciprocalArraySum.java:198)
	at edu.coursera.parallel.ReciprocalArraySum$ForkJoinCompute.compute(ReciprocalArraySum.java:198)
	at edu.coursera.parallel.ReciprocalArraySum$ForkJoinCompute.compute(ReciprocalArraySum.java:198)
	at edu.coursera.parallel.ReciprocalArraySum$ForkJoinCompute.compute(ReciprocalArraySum.java:198)
	at edu.coursera.parallel.ReciprocalArraySum$ForkJoinCompute.compute(ReciprocalArraySum.java:198)
	at edu.coursera.parallel.ReciprocalArraySum$ForkJoinCompute.compute(ReciprocalArraySum.java:198)
	at edu.coursera.parallel.ReciprocalArraySum$ForkJoinCompute.compute(ReciprocalArraySum.java:198)
	at edu.coursera.parallel.ReciprocalArraySum$ForkJoinCompute.compute(ReciprocalArraySum.java:198)
	at edu.coursera.parallel.ReciprocalArraySum$ForkJoinCompute.compute(ReciprocalArraySum.java:198)
	at edu.coursera.parallel.ReciprocalArraySum$ForkJoinCompute.compute(ReciprocalArraySum.java:198)
	at edu.coursera.parallel.ReciprocalArraySum$ForkJoinCompute.compute(ReciprocalArraySum.java:198)
	at edu.coursera.parallel.ReciprocalArraySum$ForkJoinCompute.compute(ReciprocalArraySum.java:198)
	at edu.coursera.parallel.ReciprocalArraySum$ForkJoinCompute.compute(ReciprocalArraySum.java:198)
	at edu.coursera.parallel.ReciprocalArraySum$ForkJoinCompute.compute(ReciprocalArraySum.java:198)
	at edu.coursera.parallel.ReciprocalArraySum$ForkJoinCompute.compute(ReciprocalArraySum.java:198)
	at edu.coursera.parallel.ReciprocalArraySum$ForkJoinCompute.compute(ReciprocalArraySum.java:198)
	at edu.coursera.parallel.ReciprocalArraySum$ForkJoinCompute.compute(ReciprocalArraySum.java:198)
	at edu.coursera.parallel.ReciprocalArraySum$ForkJoinCompute.compute(ReciprocalArraySum.java:198)
	at edu.coursera.parallel.ReciprocalArraySum$ForkJoinCompute.compute(ReciprocalArraySum.java:198)
	at edu.coursera.parallel.ReciprocalArraySum$ForkJoinCompute.compute(ReciprocalArraySum.java:198)
	at edu.coursera.parallel.ReciprocalArraySum$ForkJoinCompute.compute(ReciprocalArraySum.java:198)
	at edu.coursera.parallel.ReciprocalArraySum$ForkJoinCompute.compute(ReciprocalArraySum.java:198)
	at edu.coursera.parallel.ReciprocalArraySum$ForkJoinCompute.compute(ReciprocalArraySum.java:198)
	at edu.coursera.parallel.ReciprocalArraySum$ForkJoinCompute.compute(ReciprocalArraySum.java:198)
	at edu.coursera.parallel.ReciprocalArraySum$ForkJoinCompute.compute(ReciprocalArraySum.java:198)
	at edu.coursera.parallel.ReciprocalArraySum$ForkJoinCompute.compute(ReciprocalArraySum.java:198)
	at edu.coursera.parallel.ReciprocalArraySum$ForkJoinCompute.compute(ReciprocalArraySum.java:198)
	at edu.coursera.parallel.ReciprocalArraySum$ForkJoinCompute.compute(ReciprocalArraySum.java:198)
	at edu.coursera.parallel.ReciprocalArraySum$ForkJoinCompute.compute(ReciprocalArraySum.java:198)
	at edu.coursera.parallel.ReciprocalArraySum$ForkJoinCompute.compute(ReciprocalArraySum.java:198)
	at edu.coursera.parallel.ReciprocalArraySum$ForkJoinCompute.compute(ReciprocalArraySum.java:198)
	at edu.coursera.parallel.ReciprocalArraySum$ForkJoinCompute.compute(ReciprocalArraySum.java:198)
	at edu.coursera.parallel.ReciprocalArraySum$ForkJoinCompute.compute(ReciprocalArraySum.java:198)
	at edu.coursera.parallel.ReciprocalArraySum$ForkJoinCompute.compute(ReciprocalArraySum.java:198)
	at edu.coursera.parallel.ReciprocalArraySum$ForkJoinCompute.compute(ReciprocalArraySum.java:198)
	at edu.coursera.parallel.ReciprocalArraySum$ForkJoinCompute.compute(ReciprocalArraySum.java:198)
	at edu.coursera.parallel.ReciprocalArraySum$ForkJoinCompute.compute(ReciprocalArraySum.java:198)
	at edu.coursera.parallel.ReciprocalArraySum$ForkJoinCompute.compute(ReciprocalArraySum.java:198)
	at edu.coursera.parallel.ReciprocalArraySum$ForkJoinCompute.compute(ReciprocalArraySum.java:198)
	at edu.coursera.parallel.ReciprocalArraySum$ForkJoinCompute.compute(ReciprocalArraySum.java:198)
	at edu.coursera.parallel.ReciprocalArraySum$ForkJoinCompute.compute(ReciprocalArraySum.java:198)
	at edu.coursera.parallel.ReciprocalArraySum$ForkJoinCompute.compute(ReciprocalArraySum.java:198)
	at edu.coursera.parallel.ReciprocalArraySum$ForkJoinCompute.compute(ReciprocalArraySum.java:198)
	at edu.coursera.parallel.ReciprocalArraySum$ForkJoinCompute.compute(ReciprocalArraySum.java:198)
	at edu.coursera.parallel.ReciprocalArraySum$ForkJoinCompute.compute(ReciprocalArraySum.java:198)
	at edu.coursera.parallel.ReciprocalArraySum$ForkJoinCompute.compute(ReciprocalArraySum.java:198)
	at edu.coursera.parallel.ReciprocalArraySum$ForkJoinCompute.compute(ReciprocalArraySum.java:198)
	at edu.coursera.parallel.ReciprocalArraySum$ForkJoinCompute.compute(ReciprocalArraySum.java:198)
	at edu.coursera.parallel.ReciprocalArraySum$ForkJoinCompute.compute(ReciprocalArraySum.java:198)
	at edu.coursera.parallel.ReciprocalArraySum$ForkJoinCompute.compute(ReciprocalArraySum.java:198)
	at edu.coursera.parallel.ReciprocalArraySum$ForkJoinCompute.compute(ReciprocalArraySum.java:198)
	at edu.coursera.parallel.ReciprocalArraySum$ForkJoinCompute.compute(ReciprocalArraySum.java:198)
	at edu.coursera.parallel.ReciprocalArraySum$ForkJoinCompute.compute(ReciprocalArraySum.java:198)
	at edu.coursera.parallel.ReciprocalArraySum$ForkJoinCompute.compute(ReciprocalArraySum.java:198)
	at edu.coursera.parallel.ReciprocalArraySum$ForkJoinCompute.compute(ReciprocalArraySum.java:198)
	at edu.coursera.parallel.ReciprocalArraySum$ForkJoinCompute.compute(ReciprocalArraySum.java:198)
	at edu.coursera.parallel.ReciprocalArraySum$ForkJoinCompute.compute(ReciprocalArraySum.java:198)
	at edu.coursera.parallel.ReciprocalArraySum$ForkJoinCompute.compute(ReciprocalArraySum.java:198)
	at edu.coursera.parallel.ReciprocalArraySum$ForkJoinCompute.compute(ReciprocalArraySum.java:198)
	at edu.coursera.parallel.ReciprocalArraySum$ForkJoinCompute.compute(ReciprocalArraySum.java:198)
	at edu.coursera.parallel.ReciprocalArraySum$ForkJoinCompute.compute(ReciprocalArraySum.java:198)
	at edu.coursera.parallel.ReciprocalArraySum$ForkJoinCompute.compute(ReciprocalArraySum.java:198)
	at edu.coursera.parallel.ReciprocalArraySum$ForkJoinCompute.compute(ReciprocalArraySum.java:198)
	at edu.coursera.parallel.ReciprocalArraySum$ForkJoinCompute.compute(ReciprocalArraySum.java:198)
	at edu.coursera.parallel.ReciprocalArraySum$ForkJoinCompute.compute(ReciprocalArraySum.java:198)
	at edu.coursera.parallel.ReciprocalArraySum$ForkJoinCompute.compute(ReciprocalArraySum.java:198)
	at edu.coursera.parallel.ReciprocalArraySum$ForkJoinCompute.compute(ReciprocalArraySum.java:198)
	at edu.coursera.parallel.ReciprocalArraySum$ForkJoinCompute.compute(ReciprocalArraySum.java:198)
	at edu.coursera.parallel.ReciprocalArraySum$ForkJoinCompute.compute(ReciprocalArraySum.java:198)
	at edu.coursera.parallel.ReciprocalArraySum$ForkJoinCompute.compute(ReciprocalArraySum.java:198)
	at edu.coursera.parallel.ReciprocalArraySum$ForkJoinCompute.compute(ReciprocalArraySum.java:198)
	at edu.coursera.parallel.ReciprocalArraySum$ForkJoinCompute.compute(ReciprocalArraySum.java:198)
	at edu.coursera.parallel.ReciprocalArraySum$ForkJoinCompute.compute(ReciprocalArraySum.java:198)
	at edu.coursera.parallel.ReciprocalArraySum$ForkJoinCompute.compute(ReciprocalArraySum.java:198)
	at edu.coursera.parallel.ReciprocalArraySum$ForkJoinCompute.compute(ReciprocalArraySum.java:198)
	at edu.coursera.parallel.ReciprocalArraySum$ForkJoinCompute.compute(ReciprocalArraySum.java:198)
	at edu.coursera.parallel.ReciprocalArraySum$ForkJoinCompute.compute(ReciprocalArraySum.java:198)
	at edu.coursera.parallel.ReciprocalArraySum$ForkJoinCompute.compute(ReciprocalArraySum.java:198)
	at edu.coursera.parallel.ReciprocalArraySum$ForkJoinCompute.compute(ReciprocalArraySum.java:198)
	at edu.coursera.parallel.ReciprocalArraySum$ForkJoinCompute.compute(ReciprocalArraySum.java:198)
	at edu.coursera.parallel.ReciprocalArraySum$ForkJoinCompute.compute(ReciprocalArraySum.java:198)
	at edu.coursera.parallel.ReciprocalArraySum$ForkJoinCompute.compute(ReciprocalArraySum.java:198)
	at edu.coursera.parallel.ReciprocalArraySum$ForkJoinCompute.compute(ReciprocalArraySum.java:198)
	at edu.coursera.parallel.ReciprocalArraySum$ForkJoinCompute.compute(ReciprocalArraySum.java:198)
	at edu.coursera.parallel.ReciprocalArraySum$ForkJoinCompute.compute(ReciprocalArraySum.java:198)
	at edu.coursera.parallel.ReciprocalArraySum$ForkJoinCompute.compute(ReciprocalArraySum.java:198)
	at edu.coursera.parallel.ReciprocalArraySum$ForkJoinCompute.compute(ReciprocalArraySum.java:198)
	at edu.coursera.parallel.ReciprocalArraySum$ForkJoinCompute.compute(ReciprocalArraySum.java:198)
	at edu.coursera.parallel.ReciprocalArraySum$ForkJoinCompute.compute(ReciprocalArraySum.java:198)
	at edu.coursera.parallel.ReciprocalArraySum$ForkJoinCompute.compute(ReciprocalArraySum.java:198)
	at edu.coursera.parallel.ReciprocalArraySum$ForkJoinCompute.compute(ReciprocalArraySum.java:198)
	at edu.coursera.parallel.ReciprocalArraySum$ForkJoinCompute.compute(ReciprocalArraySum.java:198)
	at edu.coursera.parallel.ReciprocalArraySum$ForkJoinCompute.compute(ReciprocalArraySum.java:198)
	at edu.coursera.parallel.ReciprocalArraySum$ForkJoinCompute.compute(ReciprocalArraySum.java:198)
	at edu.coursera.parallel.ReciprocalArraySum$ForkJoinCompute.compute(ReciprocalArraySum.java:198)
	at edu.coursera.parallel.ReciprocalArraySum$ForkJoinCompute.compute(ReciprocalArraySum.java:198)
	at edu.coursera.parallel.ReciprocalArraySum$ForkJoinCompute.compute(ReciprocalArraySum.java:198)
	at edu.coursera.parallel.ReciprocalArraySum$ForkJoinCompute.compute(ReciprocalArraySum.java:198)
	at edu.coursera.parallel.ReciprocalArraySum$ForkJoinCompute.compute(ReciprocalArraySum.java:198)
	at edu.coursera.parallel.ReciprocalArraySum$ForkJoinCompute.compute(ReciprocalArraySum.java:198)
	at edu.coursera.parallel.ReciprocalArraySum$ForkJoinCompute.compute(ReciprocalArraySum.java:198)
	at edu.coursera.parallel.ReciprocalArraySum$ForkJoinCompute.compute(ReciprocalArraySum.java:198)
	at edu.coursera.parallel.ReciprocalArraySum$ForkJoinCompute.compute(ReciprocalArraySum.java:198)
	at edu.coursera.parallel.ReciprocalArraySum$ForkJoinCompute.compute(ReciprocalArraySum.java:198)
	at edu.coursera.parallel.ReciprocalArraySum$ForkJoinCompute.compute(ReciprocalArraySum.java:198)
	at edu.coursera.parallel.ReciprocalArraySum$ForkJoinCompute.compute(ReciprocalArraySum.java:198)
	at edu.coursera.parallel.ReciprocalArraySum$ForkJoinCompute.compute(ReciprocalArraySum.java:198)
	at edu.coursera.parallel.ReciprocalArraySum$ForkJoinCompute.compute(ReciprocalArraySum.java:198)
	at edu.coursera.parallel.ReciprocalArraySum$ForkJoinCompute.compute(ReciprocalArraySum.java:198)
	at edu.coursera.parallel.ReciprocalArraySum$ForkJoinCompute.compute(ReciprocalArraySum.java:198)
	at edu.coursera.parallel.ReciprocalArraySum$ForkJoinCompute.compute(ReciprocalArraySum.java:198)
	at edu.coursera.parallel.ReciprocalArraySum$ForkJoinCompute.compute(ReciprocalArraySum.java:198)
	at edu.coursera.parallel.ReciprocalArraySum$ForkJoinCompute.compute(ReciprocalArraySum.java:198)
	at edu.coursera.parallel.ReciprocalArraySum$ForkJoinCompute.compute(ReciprocalArraySum.java:198)
	at edu.coursera.parallel.ReciprocalArraySum$ForkJoinCompute.compute(ReciprocalArraySum.java:198)
	at edu.coursera.parallel.ReciprocalArraySum$ForkJoinCompute.compute(ReciprocalArraySum.java:198)
	at edu.coursera.parallel.ReciprocalArraySum$ForkJoinCompute.compute(ReciprocalArraySum.java:198)
	at edu.coursera.parallel.ReciprocalArraySum$ForkJoinCompute.compute(ReciprocalArraySum.java:198)
	at edu.coursera.parallel.ReciprocalArraySum$ForkJoinCompute.compute(ReciprocalArraySum.java:198)
	at edu.coursera.parallel.ReciprocalArraySum$ForkJoinCompute.compute(ReciprocalArraySum.java:198)
	at edu.coursera.parallel.ReciprocalArraySum$ForkJoinCompute.compute(ReciprocalArraySum.java:198)
	at edu.coursera.parallel.ReciprocalArraySum$ForkJoinCompute.compute(ReciprocalArraySum.java:198)
	at edu.coursera.parallel.ReciprocalArraySum$ForkJoinCompute.compute(ReciprocalArraySum.java:198)
	at edu.coursera.parallel.ReciprocalArraySum$ForkJoinCompute.compute(ReciprocalArraySum.java:198)
	at edu.coursera.parallel.ReciprocalArraySum$ForkJoinCompute.compute(ReciprocalArraySum.java:198)
	at edu.coursera.parallel.ReciprocalArraySum$ForkJoinCompute.compute(ReciprocalArraySum.java:198)
	at edu.coursera.parallel.ReciprocalArraySum$ForkJoinCompute.compute(ReciprocalArraySum.java:198)
	at edu.coursera.parallel.ReciprocalArraySum$ForkJoinCompute.compute(ReciprocalArraySum.java:198)
	at edu.coursera.parallel.ReciprocalArraySum$ForkJoinCompute.compute(ReciprocalArraySum.java:198)
	at edu.coursera.parallel.ReciprocalArraySum$ForkJoinCompute.compute(ReciprocalArraySum.java:198)
	at edu.coursera.parallel.ReciprocalArraySum$ForkJoinCompute.compute(ReciprocalArraySum.java:198)
	at edu.coursera.parallel.ReciprocalArraySum$ForkJoinCompute.compute(ReciprocalArraySum.java:198)
	at edu.coursera.parallel.ReciprocalArraySum$ForkJoinCompute.compute(ReciprocalArraySum.java:198)
	at edu.coursera.parallel.ReciprocalArraySum$ForkJoinCompute.compute(ReciprocalArraySum.java:198)
	at edu.coursera.parallel.ReciprocalArraySum$ForkJoinCompute.compute(ReciprocalArraySum.java:198)
	at edu.coursera.parallel.ReciprocalArraySum$ForkJoinCompute.compute(ReciprocalArraySum.java:198)
	at edu.coursera.parallel.ReciprocalArraySum$ForkJoinCompute.compute(ReciprocalArraySum.java:198)
	at edu.coursera.parallel.ReciprocalArraySum$ForkJoinCompute.compute(ReciprocalArraySum.java:198)
	at edu.coursera.parallel.ReciprocalArraySum$ForkJoinCompute.compute(ReciprocalArraySum.java:198)
	at edu.coursera.parallel.ReciprocalArraySum$ForkJoinCompute.compute(ReciprocalArraySum.java:198)
	at edu.coursera.parallel.ReciprocalArraySum$ForkJoinCompute.compute(ReciprocalArraySum.java:198)
	at edu.coursera.parallel.ReciprocalArraySum$ForkJoinCompute.compute(ReciprocalArraySum.java:198)
	at edu.coursera.parallel.ReciprocalArraySum$ForkJoinCompute.compute(ReciprocalArraySum.java:198)
	at edu.coursera.parallel.ReciprocalArraySum$ForkJoinCompute.compute(ReciprocalArraySum.java:198)
	at edu.coursera.parallel.ReciprocalArraySum$ForkJoinCompute.compute(ReciprocalArraySum.java:198)
	at edu.coursera.parallel.ReciprocalArraySum$ForkJoinCompute.compute(ReciprocalArraySum.java:198)
	at edu.coursera.parallel.ReciprocalArraySum$ForkJoinCompute.compute(ReciprocalArraySum.java:198)
	at edu.coursera.parallel.ReciprocalArraySum$ForkJoinCompute.compute(ReciprocalArraySum.java:198)
	at edu.coursera.parallel.ReciprocalArraySum$ForkJoinCompute.compute(ReciprocalArraySum.java:198)
	at edu.coursera.parallel.ReciprocalArraySum$ForkJoinCompute.compute(ReciprocalArraySum.java:198)
	at edu.coursera.parallel.ReciprocalArraySum$ForkJoinCompute.compute(ReciprocalArraySum.java:198)
	at edu.coursera.parallel.ReciprocalArraySum$ForkJoinCompute.compute(ReciprocalArraySum.java:198)
	at edu.coursera.parallel.ReciprocalArraySum$ForkJoinCompute.compute(ReciprocalArraySum.java:198)
	at edu.coursera.parallel.ReciprocalArraySum$ForkJoinCompute.compute(ReciprocalArraySum.java:198)
	at edu.coursera.parallel.ReciprocalArraySum$ForkJoinCompute.compute(ReciprocalArraySum.java:198)
	at edu.coursera.parallel.ReciprocalArraySum$ForkJoinCompute.compute(ReciprocalArraySum.java:198)
	at edu.coursera.parallel.ReciprocalArraySum$ForkJoinCompute.compute(ReciprocalArraySum.java:198)
	at edu.coursera.parallel.ReciprocalArraySum$ForkJoinCompute.compute(ReciprocalArraySum.java:198)
	at edu.coursera.parallel.ReciprocalArraySum$ForkJoinCompute.compute(ReciprocalArraySum.java:198)
	at edu.coursera.parallel.ReciprocalArraySum$ForkJoinCompute.compute(ReciprocalArraySum.java:198)
	at edu.coursera.parallel.ReciprocalArraySum$ForkJoinCompute.compute(ReciprocalArraySum.java:198)
	at edu.coursera.parallel.ReciprocalArraySum$ForkJoinCompute.compute(ReciprocalArraySum.java:198)
	at edu.coursera.parallel.ReciprocalArraySum$ForkJoinCompute.compute(ReciprocalArraySum.java:198)
	at edu.coursera.parallel.ReciprocalArraySum$ForkJoinCompute.compute(ReciprocalArraySum.java:198)
	at edu.coursera.parallel.ReciprocalArraySum$ForkJoinCompute.compute(ReciprocalArraySum.java:198)
	at edu.coursera.parallel.ReciprocalArraySum$ForkJoinCompute.compute(ReciprocalArraySum.java:198)
	at edu.coursera.parallel.ReciprocalArraySum$ForkJoinCompute.compute(ReciprocalArraySum.java:198)
	at edu.coursera.parallel.ReciprocalArraySum$ForkJoinCompute.compute(ReciprocalArraySum.java:198)
	at edu.coursera.parallel.ReciprocalArraySum$ForkJoinCompute.compute(ReciprocalArraySum.java:198)
	at edu.coursera.parallel.ReciprocalArraySum$ForkJoinCompute.compute(ReciprocalArraySum.java:198)
	at edu.coursera.parallel.ReciprocalArraySum$ForkJoinCompute.compute(ReciprocalArraySum.java:198)
	at edu.coursera.parallel.ReciprocalArraySum$ForkJoinCompute.compute(ReciprocalArraySum.java:198)
	at edu.coursera.parallel.ReciprocalArraySum$ForkJoinCompute.compute(ReciprocalArraySum.java:198)
	at edu.coursera.parallel.ReciprocalArraySum$ForkJoinCompute.compute(ReciprocalArraySum.java:198)
	at edu.coursera.parallel.ReciprocalArraySum$ForkJoinCompute.compute(ReciprocalArraySum.java:198)
	at edu.coursera.parallel.ReciprocalArraySum$ForkJoinCompute.compute(ReciprocalArraySum.java:198)
	at edu.coursera.parallel.ReciprocalArraySum$ForkJoinCompute.compute(ReciprocalArraySum.java:198)
	at edu.coursera.parallel.ReciprocalArraySum$ForkJoinCompute.compute(ReciprocalArraySum.java:198)
	at edu.coursera.parallel.ReciprocalArraySum$ForkJoinCompute.compute(ReciprocalArraySum.java:198)
	at edu.coursera.parallel.ReciprocalArraySum$ForkJoinCompute.compute(ReciprocalArraySum.java:198)
	at edu.coursera.parallel.ReciprocalArraySum$ForkJoinCompute.compute(ReciprocalArraySum.java:198)
	at edu.coursera.parallel.ReciprocalArraySum$ForkJoinCompute.compute(ReciprocalArraySum.java:198)
	at edu.coursera.parallel.ReciprocalArraySum$ForkJoinCompute.compute(ReciprocalArraySum.java:198)
	at edu.coursera.parallel.ReciprocalArraySum$ForkJoinCompute.compute(ReciprocalArraySum.java:198)
	at edu.coursera.parallel.ReciprocalArraySum$ForkJoinCompute.compute(ReciprocalArraySum.java:198)
	at edu.coursera.parallel.ReciprocalArraySum$ForkJoinCompute.compute(ReciprocalArraySum.java:198)
	at edu.coursera.parallel.ReciprocalArraySum$ForkJoinCompute.compute(ReciprocalArraySum.java:198)
	at edu.coursera.parallel.ReciprocalArraySum$ForkJoinCompute.compute(ReciprocalArraySum.java:198)
	at edu.coursera.parallel.ReciprocalArraySum$ForkJoinCompute.compute(ReciprocalArraySum.java:198)
	at edu.coursera.parallel.ReciprocalArraySum$ForkJoinCompute.compute(ReciprocalArraySum.java:198)
	at edu.coursera.parallel.ReciprocalArraySum$ForkJoinCompute.compute(ReciprocalArraySum.java:198)
	at edu.coursera.parallel.ReciprocalArraySum$ForkJoinCompute.compute(ReciprocalArraySum.java:198)
	at edu.coursera.parallel.ReciprocalArraySum$ForkJoinCompute.compute(ReciprocalArraySum.java:198)
	at edu.coursera.parallel.ReciprocalArraySum$ForkJoinCompute.compute(ReciprocalArraySum.java:198)
	at edu.coursera.parallel.ReciprocalArraySum$ForkJoinCompute.compute(ReciprocalArraySum.java:198)
	at edu.coursera.parallel.ReciprocalArraySum$ForkJoinCompute.compute(ReciprocalArraySum.java:198)
	at edu.coursera.parallel.ReciprocalArraySum$ForkJoinCompute.compute(ReciprocalArraySum.java:198)
	at edu.coursera.parallel.ReciprocalArraySum$ForkJoinCompute.compute(ReciprocalArraySum.java:198)
	at edu.coursera.parallel.ReciprocalArraySum$ForkJoinCompute.compute(ReciprocalArraySum.java:198)
	at edu.coursera.parallel.ReciprocalArraySum$ForkJoinCompute.compute(ReciprocalArraySum.java:198)
	at edu.coursera.parallel.ReciprocalArraySum$ForkJoinCompute.compute(ReciprocalArraySum.java:198)
	at edu.coursera.parallel.ReciprocalArraySum$ForkJoinCompute.compute(ReciprocalArraySum.java:198)
	at edu.coursera.parallel.ReciprocalArraySum$ForkJoinCompute.compute(ReciprocalArraySum.java:198)
	at edu.coursera.parallel.ReciprocalArraySum$ForkJoinCompute.compute(ReciprocalArraySum.java:198)
	at edu.coursera.parallel.ReciprocalArraySum$ForkJoinCompute.compute(ReciprocalArraySum.java:198)
	at edu.coursera.parallel.ReciprocalArraySum$ForkJoinCompute.compute(ReciprocalArraySum.java:198)
	at edu.coursera.parallel.ReciprocalArraySum$ForkJoinCompute.compute(ReciprocalArraySum.java:198)
	at edu.coursera.parallel.ReciprocalArraySum$ForkJoinCompute.compute(ReciprocalArraySum.java:198)
	at edu.coursera.parallel.ReciprocalArraySum$ForkJoinCompute.compute(ReciprocalArraySum.java:198)
	at edu.coursera.parallel.ReciprocalArraySum$ForkJoinCompute.compute(ReciprocalArraySum.java:198)
	at edu.coursera.parallel.ReciprocalArraySum$ForkJoinCompute.compute(ReciprocalArraySum.java:198)
	at edu.coursera.parallel.ReciprocalArraySum$ForkJoinCompute.compute(ReciprocalArraySum.java:198)
	at edu.coursera.parallel.ReciprocalArraySum$ForkJoinCompute.compute(ReciprocalArraySum.java:198)
	at edu.coursera.parallel.ReciprocalArraySum$ForkJoinCompute.compute(ReciprocalArraySum.java:198)
	at edu.coursera.parallel.ReciprocalArraySum$ForkJoinCompute.compute(ReciprocalArraySum.java:198)
	at edu.coursera.parallel.ReciprocalArraySum$ForkJoinCompute.compute(ReciprocalArraySum.java:198)
	at edu.coursera.parallel.ReciprocalArraySum$ForkJoinCompute.compute(ReciprocalArraySum.java:198)
	at edu.coursera.parallel.ReciprocalArraySum$ForkJoinCompute.compute(ReciprocalArraySum.java:198)
	at edu.coursera.parallel.ReciprocalArraySum$ForkJoinCompute.compute(ReciprocalArraySum.java:198)
	at edu.coursera.parallel.ReciprocalArraySum$ForkJoinCompute.compute(ReciprocalArraySum.java:198)
	at edu.coursera.parallel.ReciprocalArraySum$ForkJoinCompute.compute(ReciprocalArraySum.java:198)
	at edu.coursera.parallel.ReciprocalArraySum$ForkJoinCompute.compute(ReciprocalArraySum.java:198)
	at edu.coursera.parallel.ReciprocalArraySum$ForkJoinCompute.compute(ReciprocalArraySum.java:198)
	at edu.coursera.parallel.ReciprocalArraySum$ForkJoinCompute.compute(ReciprocalArraySum.java:198)
	at edu.coursera.parallel.ReciprocalArraySum$ForkJoinCompute.compute(ReciprocalArraySum.java:198)
	at edu.coursera.parallel.ReciprocalArraySum$ForkJoinCompute.compute(ReciprocalArraySum.java:198)
	at edu.coursera.parallel.ReciprocalArraySum$ForkJoinCompute.compute(ReciprocalArraySum.java:198)
	at edu.coursera.parallel.ReciprocalArraySum$ForkJoinCompute.compute(ReciprocalArraySum.java:198)
	at edu.coursera.parallel.ReciprocalArraySum$ForkJoinCompute.compute(ReciprocalArraySum.java:198)
	at edu.coursera.parallel.ReciprocalArraySum$ForkJoinCompute.compute(ReciprocalArraySum.java:198)
	at edu.coursera.parallel.ReciprocalArraySum$ForkJoinCompute.compute(ReciprocalArraySum.java:198)
	at edu.coursera.parallel.ReciprocalArraySum$ForkJoinCompute.compute(ReciprocalArraySum.java:198)
	at edu.coursera.parallel.ReciprocalArraySum$ForkJoinCompute.compute(ReciprocalArraySum.java:198)
	at edu.coursera.parallel.ReciprocalArraySum$ForkJoinCompute.compute(ReciprocalArraySum.java:198)
	at edu.coursera.parallel.ReciprocalArraySum$ForkJoinCompute.compute(ReciprocalArraySum.java:198)
	at edu.coursera.parallel.ReciprocalArraySum$ForkJoinCompute.compute(ReciprocalArraySum.java:198)
	at edu.coursera.parallel.ReciprocalArraySum$ForkJoinCompute.compute(ReciprocalArraySum.java:198)
	at edu.coursera.parallel.ReciprocalArraySum$ForkJoinCompute.compute(ReciprocalArraySum.java:198)
	at edu.coursera.parallel.ReciprocalArraySum$ForkJoinCompute.compute(ReciprocalArraySum.java:198)
	at edu.coursera.parallel.ReciprocalArraySum$ForkJoinCompute.compute(ReciprocalArraySum.java:198)
	at edu.coursera.parallel.ReciprocalArraySum$ForkJoinCompute.compute(ReciprocalArraySum.java:198)
	at edu.coursera.parallel.ReciprocalArraySum$ForkJoinCompute.compute(ReciprocalArraySum.java:198)
	at edu.coursera.parallel.ReciprocalArraySum$ForkJoinCompute.compute(ReciprocalArraySum.java:198)
	at edu.coursera.parallel.ReciprocalArraySum$ForkJoinCompute.compute(ReciprocalArraySum.java:198)
	at edu.coursera.parallel.ReciprocalArraySum$ForkJoinCompute.compute(ReciprocalArraySum.java:198)
	at edu.coursera.parallel.ReciprocalArraySum$ForkJoinCompute.compute(ReciprocalArraySum.java:198)
	at edu.coursera.parallel.ReciprocalArraySum$ForkJoinCompute.compute(ReciprocalArraySum.java:198)
	at edu.coursera.parallel.ReciprocalArraySum$ForkJoinCompute.compute(ReciprocalArraySum.java:198)
	at edu.coursera.parallel.ReciprocalArraySum$ForkJoinCompute.compute(ReciprocalArraySum.java:198)
	at edu.coursera.parallel.ReciprocalArraySum$ForkJoinCompute.compute(ReciprocalArraySum.java:198)
	at edu.coursera.parallel.ReciprocalArraySum$ForkJoinCompute.compute(ReciprocalArraySum.java:198)
	at edu.coursera.parallel.ReciprocalArraySum$ForkJoinCompute.compute(ReciprocalArraySum.java:198)
	at edu.coursera.parallel.ReciprocalArraySum$ForkJoinCompute.compute(ReciprocalArraySum.java:198)
	at edu.coursera.parallel.ReciprocalArraySum$ForkJoinCompute.compute(ReciprocalArraySum.java:198)
	at edu.coursera.parallel.ReciprocalArraySum$ForkJoinCompute.compute(ReciprocalArraySum.java:198)
	at edu.coursera.parallel.ReciprocalArraySum$ForkJoinCompute.compute(ReciprocalArraySum.java:198)
	at edu.coursera.parallel.ReciprocalArraySum$ForkJoinCompute.compute(ReciprocalArraySum.java:198)
	at edu.coursera.parallel.ReciprocalArraySum$ForkJoinCompute.compute(ReciprocalArraySum.java:198)
	at edu.coursera.parallel.ReciprocalArraySum$ForkJoinCompute.compute(ReciprocalArraySum.java:198)
	at edu.coursera.parallel.ReciprocalArraySum$ForkJoinCompute.compute(ReciprocalArraySum.java:198)
	at edu.coursera.parallel.ReciprocalArraySum$ForkJoinCompute.compute(ReciprocalArraySum.java:198)
	at edu.coursera.parallel.ReciprocalArraySum$ForkJoinCompute.compute(ReciprocalArraySum.java:198)
	at edu.coursera.parallel.ReciprocalArraySum$ForkJoinCompute.compute(ReciprocalArraySum.java:198)
	at edu.coursera.parallel.ReciprocalArraySum$ForkJoinCompute.compute(ReciprocalArraySum.java:198)
	at edu.coursera.parallel.ReciprocalArraySum$ForkJoinCompute.compute(ReciprocalArraySum.java:198)
	at edu.coursera.parallel.ReciprocalArraySum$ForkJoinCompute.compute(ReciprocalArraySum.java:198)
	at edu.coursera.parallel.ReciprocalArraySum$ForkJoinCompute.compute(ReciprocalArraySum.java:198)
	at edu.coursera.parallel.ReciprocalArraySum$ForkJoinCompute.compute(ReciprocalArraySum.java:198)
	at edu.coursera.parallel.ReciprocalArraySum$ForkJoinCompute.compute(ReciprocalArraySum.java:198)
	at edu.coursera.parallel.ReciprocalArraySum$ForkJoinCompute.compute(ReciprocalArraySum.java:198)
	at edu.coursera.parallel.ReciprocalArraySum$ForkJoinCompute.compute(ReciprocalArraySum.java:198)
	at edu.coursera.parallel.ReciprocalArraySum$ForkJoinCompute.compute(ReciprocalArraySum.java:198)
	at edu.coursera.parallel.ReciprocalArraySum$ForkJoinCompute.compute(ReciprocalArraySum.java:198)
	at edu.coursera.parallel.ReciprocalArraySum$ForkJoinCompute.compute(ReciprocalArraySum.java:198)
	at edu.coursera.parallel.ReciprocalArraySum$ForkJoinCompute.compute(ReciprocalArraySum.java:198)
	at edu.coursera.parallel.ReciprocalArraySum$ForkJoinCompute.compute(ReciprocalArraySum.java:198)
	at edu.coursera.parallel.ReciprocalArraySum$ForkJoinCompute.compute(ReciprocalArraySum.java:198)
	at edu.coursera.parallel.ReciprocalArraySum$ForkJoinCompute.compute(ReciprocalArraySum.java:198)
	at edu.coursera.parallel.ReciprocalArraySum$ForkJoinCompute.compute(ReciprocalArraySum.java:198)
	at edu.coursera.parallel.ReciprocalArraySum$ForkJoinCompute.compute(ReciprocalArraySum.java:198)
	at edu.coursera.parallel.ReciprocalArraySum$ForkJoinCompute.compute(ReciprocalArraySum.java:198)
	at edu.coursera.parallel.ReciprocalArraySum$ForkJoinCompute.compute(ReciprocalArraySum.java:198)
	at edu.coursera.parallel.ReciprocalArraySum$ForkJoinCompute.compute(ReciprocalArraySum.java:198)
	at edu.coursera.parallel.ReciprocalArraySum$ForkJoinCompute.compute(ReciprocalArraySum.java:198)
	at edu.coursera.parallel.ReciprocalArraySum$ForkJoinCompute.compute(ReciprocalArraySum.java:198)
	at edu.coursera.parallel.ReciprocalArraySum$ForkJoinCompute.compute(ReciprocalArraySum.java:198)
	at edu.coursera.parallel.ReciprocalArraySum$ForkJoinCompute.compute(ReciprocalArraySum.java:198)
	at edu.coursera.parallel.ReciprocalArraySum$ForkJoinCompute.compute(ReciprocalArraySum.java:198)
	at edu.coursera.parallel.ReciprocalArraySum$ForkJoinCompute.compute(ReciprocalArraySum.java:198)
	at edu.coursera.parallel.ReciprocalArraySum$ForkJoinCompute.compute(ReciprocalArraySum.java:198)
	at edu.coursera.parallel.ReciprocalArraySum$ForkJoinCompute.compute(ReciprocalArraySum.java:198)
	at edu.coursera.parallel.ReciprocalArraySum$ForkJoinCompute.compute(ReciprocalArraySum.java:198)
	at edu.coursera.parallel.ReciprocalArraySum$ForkJoinCompute.compute(ReciprocalArraySum.java:198)
	at edu.coursera.parallel.ReciprocalArraySum$ForkJoinCompute.compute(ReciprocalArraySum.java:198)
	at edu.coursera.parallel.ReciprocalArraySum$ForkJoinCompute.compute(ReciprocalArraySum.java:198)
	at edu.coursera.parallel.ReciprocalArraySum$ForkJoinCompute.compute(ReciprocalArraySum.java:198)
	at edu.coursera.parallel.ReciprocalArraySum$ForkJoinCompute.compute(ReciprocalArraySum.java:198)
	at edu.coursera.parallel.ReciprocalArraySum$ForkJoinCompute.compute(ReciprocalArraySum.java:198)
	at edu.coursera.parallel.ReciprocalArraySum$ForkJoinCompute.compute(ReciprocalArraySum.java:198)
	at edu.coursera.parallel.ReciprocalArraySum$ForkJoinCompute.compute(ReciprocalArraySum.java:198)
	at edu.coursera.parallel.ReciprocalArraySum$ForkJoinCompute.compute(ReciprocalArraySum.java:198)
	at edu.coursera.parallel.ReciprocalArraySum$ForkJoinCompute.compute(ReciprocalArraySum.java:198)
	at edu.coursera.parallel.ReciprocalArraySum$ForkJoinCompute.compute(ReciprocalArraySum.java:198)
	at edu.coursera.parallel.ReciprocalArraySum$ForkJoinCompute.compute(ReciprocalArraySum.java:198)
	at edu.coursera.parallel.ReciprocalArraySum$ForkJoinCompute.compute(ReciprocalArraySum.java:198)
	at edu.coursera.parallel.ReciprocalArraySum$ForkJoinCompute.compute(ReciprocalArraySum.java:198)
	at edu.coursera.parallel.ReciprocalArraySum$ForkJoinCompute.compute(ReciprocalArraySum.java:198)
	at edu.coursera.parallel.ReciprocalArraySum$ForkJoinCompute.compute(ReciprocalArraySum.java:198)
	at edu.coursera.parallel.ReciprocalArraySum$ForkJoinCompute.compute(ReciprocalArraySum.java:198)
	at edu.coursera.parallel.ReciprocalArraySum$ForkJoinCompute.compute(ReciprocalArraySum.java:198)
	at edu.coursera.parallel.ReciprocalArraySum$ForkJoinCompute.compute(ReciprocalArraySum.java:198)
	at edu.coursera.parallel.ReciprocalArraySum$ForkJoinCompute.compute(ReciprocalArraySum.java:198)
	at edu.coursera.parallel.ReciprocalArraySum$ForkJoinCompute.compute(ReciprocalArraySum.java:198)
	at edu.coursera.parallel.ReciprocalArraySum$ForkJoinCompute.compute(ReciprocalArraySum.java:198)
	at edu.coursera.parallel.ReciprocalArraySum$ForkJoinCompute.compute(ReciprocalArraySum.java:198)
	at edu.coursera.parallel.ReciprocalArraySum$ForkJoinCompute.compute(ReciprocalArraySum.java:198)
	at edu.coursera.parallel.ReciprocalArraySum$ForkJoinCompute.compute(ReciprocalArraySum.java:198)
	at edu.coursera.parallel.ReciprocalArraySum$ForkJoinCompute.compute(ReciprocalArraySum.java:198)
	at edu.coursera.parallel.ReciprocalArraySum$ForkJoinCompute.compute(ReciprocalArraySum.java:198)
	at edu.coursera.parallel.ReciprocalArraySum$ForkJoinCompute.compute(ReciprocalArraySum.java:198)
	at edu.coursera.parallel.ReciprocalArraySum$ForkJoinCompute.compute(ReciprocalArraySum.java:198)
	at edu.coursera.parallel.ReciprocalArraySum$ForkJoinCompute.compute(ReciprocalArraySum.java:198)
	at edu.coursera.parallel.ReciprocalArraySum$ForkJoinCompute.compute(ReciprocalArraySum.java:198)
	at edu.coursera.parallel.ReciprocalArraySum$ForkJoinCompute.compute(ReciprocalArraySum.java:198)
	at edu.coursera.parallel.ReciprocalArraySum$ForkJoinCompute.compute(ReciprocalArraySum.java:198)
	at edu.coursera.parallel.ReciprocalArraySum$ForkJoinCompute.compute(ReciprocalArraySum.java:198)
	at edu.coursera.parallel.ReciprocalArraySum$ForkJoinCompute.compute(ReciprocalArraySum.java:198)
	at edu.coursera.parallel.ReciprocalArraySum$ForkJoinCompute.compute(ReciprocalArraySum.java:198)
	at edu.coursera.parallel.ReciprocalArraySum$ForkJoinCompute.compute(ReciprocalArraySum.java:198)
	at edu.coursera.parallel.ReciprocalArraySum$ForkJoinCompute.compute(ReciprocalArraySum.java:198)
	at edu.coursera.parallel.ReciprocalArraySum$ForkJoinCompute.compute(ReciprocalArraySum.java:198)
	at edu.coursera.parallel.ReciprocalArraySum$ForkJoinCompute.compute(ReciprocalArraySum.java:198)
	at edu.coursera.parallel.ReciprocalArraySum$ForkJoinCompute.compute(ReciprocalArraySum.java:198)
	at edu.coursera.parallel.ReciprocalArraySum$ForkJoinCompute.compute(ReciprocalArraySum.java:198)
	at edu.coursera.parallel.ReciprocalArraySum$ForkJoinCompute.compute(ReciprocalArraySum.java:198)
	at edu.coursera.parallel.ReciprocalArraySum$ForkJoinCompute.compute(ReciprocalArraySum.java:198)
	at edu.coursera.parallel.ReciprocalArraySum$ForkJoinCompute.compute(ReciprocalArraySum.java:198)
	at edu.coursera.parallel.ReciprocalArraySum$ForkJoinCompute.compute(ReciprocalArraySum.java:198)
	at edu.coursera.parallel.ReciprocalArraySum$ForkJoinCompute.compute(ReciprocalArraySum.java:198)
	at edu.coursera.parallel.ReciprocalArraySum$ForkJoinCompute.compute(ReciprocalArraySum.java:198)
	at edu.coursera.parallel.ReciprocalArraySum$ForkJoinCompute.compute(ReciprocalArraySum.java:198)
	at edu.coursera.parallel.ReciprocalArraySum$ForkJoinCompute.compute(ReciprocalArraySum.java:198)
	at edu.coursera.parallel.ReciprocalArraySum$ForkJoinCompute.compute(ReciprocalArraySum.java:198)
	at edu.coursera.parallel.ReciprocalArraySum$ForkJoinCompute.compute(ReciprocalArraySum.java:198)
	at edu.coursera.parallel.ReciprocalArraySum$ForkJoinCompute.compute(ReciprocalArraySum.java:198)
	at edu.coursera.parallel.ReciprocalArraySum$ForkJoinCompute.compute(ReciprocalArraySum.java:198)
	at edu.coursera.parallel.ReciprocalArraySum$ForkJoinCompute.compute(ReciprocalArraySum.java:198)
	at edu.coursera.parallel.ReciprocalArraySum$ForkJoinCompute.compute(ReciprocalArraySum.java:198)
	at edu.coursera.parallel.ReciprocalArraySum$ForkJoinCompute.compute(ReciprocalArraySum.java:198)
	at edu.coursera.parallel.ReciprocalArraySum$ForkJoinCompute.compute(ReciprocalArraySum.java:198)
	at edu.coursera.parallel.ReciprocalArraySum$ForkJoinCompute.compute(ReciprocalArraySum.java:198)
	at edu.coursera.parallel.ReciprocalArraySum$ForkJoinCompute.compute(ReciprocalArraySum.java:198)
	at edu.coursera.parallel.ReciprocalArraySum$ForkJoinCompute.compute(ReciprocalArraySum.java:198)
	at edu.coursera.parallel.ReciprocalArraySum$ForkJoinCompute.compute(ReciprocalArraySum.java:198)
	at edu.coursera.parallel.ReciprocalArraySum$ForkJoinCompute.compute(ReciprocalArraySum.java:198)
	at edu.coursera.parallel.ReciprocalArraySum$ForkJoinCompute.compute(ReciprocalArraySum.java:198)
	at edu.coursera.parallel.ReciprocalArraySum$ForkJoinCompute.compute(ReciprocalArraySum.java:198)
	at edu.coursera.parallel.ReciprocalArraySum$ForkJoinCompute.compute(ReciprocalArraySum.java:198)
	at edu.coursera.parallel.ReciprocalArraySum$ForkJoinCompute.compute(ReciprocalArraySum.java:198)
	at edu.coursera.parallel.ReciprocalArraySum$ForkJoinCompute.compute(ReciprocalArraySum.java:198)
	at edu.coursera.parallel.ReciprocalArraySum$ForkJoinCompute.compute(ReciprocalArraySum.java:198)
	at edu.coursera.parallel.ReciprocalArraySum$ForkJoinCompute.compute(ReciprocalArraySum.java:198)
	at edu.coursera.parallel.ReciprocalArraySum$ForkJoinCompute.compute(ReciprocalArraySum.java:198)
	at edu.coursera.parallel.ReciprocalArraySum$ForkJoinCompute.compute(ReciprocalArraySum.java:198)
	at edu.coursera.parallel.ReciprocalArraySum$ForkJoinCompute.compute(ReciprocalArraySum.java:198)
	at edu.coursera.parallel.ReciprocalArraySum$ForkJoinCompute.compute(ReciprocalArraySum.java:198)
	at edu.coursera.parallel.ReciprocalArraySum$ForkJoinCompute.compute(ReciprocalArraySum.java:198)
	at edu.coursera.parallel.ReciprocalArraySum$ForkJoinCompute.compute(ReciprocalArraySum.java:198)
	at edu.coursera.parallel.ReciprocalArraySum$ForkJoinCompute.compute(ReciprocalArraySum.java:198)
	at edu.coursera.parallel.ReciprocalArraySum$ForkJoinCompute.compute(ReciprocalArraySum.java:198)
	at edu.coursera.parallel.ReciprocalArraySum$ForkJoinCompute.compute(ReciprocalArraySum.java:198)
	at edu.coursera.parallel.ReciprocalArraySum$ForkJoinCompute.compute(ReciprocalArraySum.java:198)
	at edu.coursera.parallel.ReciprocalArraySum$ForkJoinCompute.compute(ReciprocalArraySum.java:198)
	at edu.coursera.parallel.ReciprocalArraySum$ForkJoinCompute.compute(ReciprocalArraySum.java:198)
	at edu.coursera.parallel.ReciprocalArraySum$ForkJoinCompute.compute(ReciprocalArraySum.java:198)
	at edu.coursera.parallel.ReciprocalArraySum$ForkJoinCompute.compute(ReciprocalArraySum.java:198)
	at edu.coursera.parallel.ReciprocalArraySum$ForkJoinCompute.compute(ReciprocalArraySum.java:198)
	at edu.coursera.parallel.ReciprocalArraySum$ForkJoinCompute.compute(ReciprocalArraySum.java:198)
	at edu.coursera.parallel.ReciprocalArraySum$ForkJoinCompute.compute(ReciprocalArraySum.java:198)
	at edu.coursera.parallel.ReciprocalArraySum$ForkJoinCompute.compute(ReciprocalArraySum.java:198)
	at edu.coursera.parallel.ReciprocalArraySum$ForkJoinCompute.compute(ReciprocalArraySum.java:198)
	at edu.coursera.parallel.ReciprocalArraySum$ForkJoinCompute.compute(ReciprocalArraySum.java:198)
	at edu.coursera.parallel.ReciprocalArraySum$ForkJoinCompute.compute(ReciprocalArraySum.java:198)
	at edu.coursera.parallel.ReciprocalArraySum$ForkJoinCompute.compute(ReciprocalArraySum.java:198)
	at edu.coursera.parallel.ReciprocalArraySum$ForkJoinCompute.compute(ReciprocalArraySum.java:198)
	at edu.coursera.parallel.ReciprocalArraySum$ForkJoinCompute.compute(ReciprocalArraySum.java:198)
	at edu.coursera.parallel.ReciprocalArraySum$ForkJoinCompute.compute(ReciprocalArraySum.java:198)
	at edu.coursera.parallel.ReciprocalArraySum$ForkJoinCompute.compute(ReciprocalArraySum.java:198)
	at edu.coursera.parallel.ReciprocalArraySum$ForkJoinCompute.compute(ReciprocalArraySum.java:198)
	at edu.coursera.parallel.ReciprocalArraySum$ForkJoinCompute.compute(ReciprocalArraySum.java:198)
	at edu.coursera.parallel.ReciprocalArraySum$ForkJoinCompute.compute(ReciprocalArraySum.java:198)
	at edu.coursera.parallel.ReciprocalArraySum$ForkJoinCompute.compute(ReciprocalArraySum.java:198)
	at edu.coursera.parallel.ReciprocalArraySum$ForkJoinCompute.compute(ReciprocalArraySum.java:198)
	at edu.coursera.parallel.ReciprocalArraySum$ForkJoinCompute.compute(ReciprocalArraySum.java:198)
	at edu.coursera.parallel.ReciprocalArraySum$ForkJoinCompute.compute(ReciprocalArraySum.java:198)
	at edu.coursera.parallel.ReciprocalArraySum$ForkJoinCompute.compute(ReciprocalArraySum.java:198)
	at edu.coursera.parallel.ReciprocalArraySum$ForkJoinCompute.compute(ReciprocalArraySum.java:198)
	at edu.coursera.parallel.ReciprocalArraySum$ForkJoinCompute.compute(ReciprocalArraySum.java:198)
	at edu.coursera.parallel.ReciprocalArraySum$ForkJoinCompute.compute(ReciprocalArraySum.java:198)
	at edu.coursera.parallel.ReciprocalArraySum$ForkJoinCompute.compute(ReciprocalArraySum.java:198)
	at edu.coursera.parallel.ReciprocalArraySum$ForkJoinCompute.compute(ReciprocalArraySum.java:198)
	at edu.coursera.parallel.ReciprocalArraySum$ForkJoinCompute.compute(ReciprocalArraySum.java:198)
	at edu.coursera.parallel.ReciprocalArraySum$ForkJoinCompute.compute(ReciprocalArraySum.java:198)
	at edu.coursera.parallel.ReciprocalArraySum$ForkJoinCompute.compute(ReciprocalArraySum.java:198)
	at edu.coursera.parallel.ReciprocalArraySum$ForkJoinCompute.compute(ReciprocalArraySum.java:198)
	at edu.coursera.parallel.ReciprocalArraySum$ForkJoinCompute.compute(ReciprocalArraySum.java:198)
	at edu.coursera.parallel.ReciprocalArraySum$ForkJoinCompute.compute(ReciprocalArraySum.java:198)
	at edu.coursera.parallel.ReciprocalArraySum$ForkJoinCompute.compute(ReciprocalArraySum.java:198)
	at edu.coursera.parallel.ReciprocalArraySum$ForkJoinCompute.compute(ReciprocalArraySum.java:198)
	at edu.coursera.parallel.ReciprocalArraySum$ForkJoinCompute.compute(ReciprocalArraySum.java:198)
	at edu.coursera.parallel.ReciprocalArraySum$ForkJoinCompute.compute(ReciprocalArraySum.java:198)
	at edu.coursera.parallel.ReciprocalArraySum$ForkJoinCompute.compute(ReciprocalArraySum.java:198)
	at edu.coursera.parallel.ReciprocalArraySum$ForkJoinCompute.compute(ReciprocalArraySum.java:198)
	at edu.coursera.parallel.ReciprocalArraySum$ForkJoinCompute.compute(ReciprocalArraySum.java:198)
	at edu.coursera.parallel.ReciprocalArraySum$ForkJoinCompute.compute(ReciprocalArraySum.java:198)
	at edu.coursera.parallel.ReciprocalArraySum$ForkJoinCompute.compute(ReciprocalArraySum.java:198)
	at edu.coursera.parallel.ReciprocalArraySum$ForkJoinCompute.compute(ReciprocalArraySum.java:198)
	at edu.coursera.parallel.ReciprocalArraySum$ForkJoinCompute.compute(ReciprocalArraySum.java:198)
	at edu.coursera.parallel.ReciprocalArraySum$ForkJoinCompute.compute(ReciprocalArraySum.java:198)
	at edu.coursera.parallel.ReciprocalArraySum$ForkJoinCompute.compute(ReciprocalArraySum.java:198)
	at edu.coursera.parallel.ReciprocalArraySum$ForkJoinCompute.compute(ReciprocalArraySum.java:198)
	at edu.coursera.parallel.ReciprocalArraySum$ForkJoinCompute.compute(ReciprocalArraySum.java:198)
	at edu.coursera.parallel.ReciprocalArraySum$ForkJoinCompute.compute(ReciprocalArraySum.java:198)
	at edu.coursera.parallel.ReciprocalArraySum$ForkJoinCompute.compute(ReciprocalArraySum.java:198)
	at edu.coursera.parallel.ReciprocalArraySum$ForkJoinCompute.compute(ReciprocalArraySum.java:198)
	at edu.coursera.parallel.ReciprocalArraySum$ForkJoinCompute.compute(ReciprocalArraySum.java:198)
	at edu.coursera.parallel.ReciprocalArraySum$ForkJoinCompute.compute(ReciprocalArraySum.java:198)
	at edu.coursera.parallel.ReciprocalArraySum$ForkJoinCompute.compute(ReciprocalArraySum.java:198)
	at edu.coursera.parallel.ReciprocalArraySum$ForkJoinCompute.compute(ReciprocalArraySum.java:198)
	at edu.coursera.parallel.ReciprocalArraySum$ForkJoinCompute.compute(ReciprocalArraySum.java:198)
	at edu.coursera.parallel.ReciprocalArraySum$ForkJoinCompute.compute(ReciprocalArraySum.java:198)
	at edu.coursera.parallel.ReciprocalArraySum$ForkJoinCompute.compute(ReciprocalArraySum.java:198)
	at edu.coursera.parallel.ReciprocalArraySum$ForkJoinCompute.compute(ReciprocalArraySum.java:198)
	at edu.coursera.parallel.ReciprocalArraySum$ForkJoinCompute.compute(ReciprocalArraySum.java:198)
	at edu.coursera.parallel.ReciprocalArraySum$ForkJoinCompute.compute(ReciprocalArraySum.java:198)
	at edu.coursera.parallel.ReciprocalArraySum$ForkJoinCompute.compute(ReciprocalArraySum.java:198)
	at edu.coursera.parallel.ReciprocalArraySum$ForkJoinCompute.compute(ReciprocalArraySum.java:198)
	at edu.coursera.parallel.ReciprocalArraySum$ForkJoinCompute.compute(ReciprocalArraySum.java:198)
	at edu.coursera.parallel.ReciprocalArraySum$ForkJoinCompute.compute(ReciprocalArraySum.java:198)
	at edu.coursera.parallel.ReciprocalArraySum$ForkJoinCompute.compute(ReciprocalArraySum.java:198)
	at edu.coursera.parallel.ReciprocalArraySum$ForkJoinCompute.compute(ReciprocalArraySum.java:198)
	at edu.coursera.parallel.ReciprocalArraySum$ForkJoinCompute.compute(ReciprocalArraySum.java:198)
	at edu.coursera.parallel.ReciprocalArraySum$ForkJoinCompute.compute(ReciprocalArraySum.java:198)
	at edu.coursera.parallel.ReciprocalArraySum$ForkJoinCompute.compute(ReciprocalArraySum.java:198)
	at edu.coursera.parallel.ReciprocalArraySum$ForkJoinCompute.compute(ReciprocalArraySum.java:198)
	at edu.coursera.parallel.ReciprocalArraySum$ForkJoinCompute.compute(ReciprocalArraySum.java:198)
	at edu.coursera.parallel.ReciprocalArraySum$ForkJoinCompute.compute(ReciprocalArraySum.java:198)
	at edu.coursera.parallel.ReciprocalArraySum$ForkJoinCompute.compute(ReciprocalArraySum.java:198)
	at edu.coursera.parallel.ReciprocalArraySum$ForkJoinCompute.compute(ReciprocalArraySum.java:198)
	at edu.coursera.parallel.ReciprocalArraySum$ForkJoinCompute.compute(ReciprocalArraySum.java:198)
	at edu.coursera.parallel.ReciprocalArraySum$ForkJoinCompute.compute(ReciprocalArraySum.java:198)
	at edu.coursera.parallel.ReciprocalArraySum$ForkJoinCompute.compute(ReciprocalArraySum.java:198)
	at edu.coursera.parallel.ReciprocalArraySum$ForkJoinCompute.compute(ReciprocalArraySum.java:198)
	at edu.coursera.parallel.ReciprocalArraySum$ForkJoinCompute.compute(ReciprocalArraySum.java:198)
	at edu.coursera.parallel.ReciprocalArraySum$ForkJoinCompute.compute(ReciprocalArraySum.java:198)
	at edu.coursera.parallel.ReciprocalArraySum$ForkJoinCompute.compute(ReciprocalArraySum.java:198)
	at edu.coursera.parallel.ReciprocalArraySum$ForkJoinCompute.compute(ReciprocalArraySum.java:198)
	at edu.coursera.parallel.ReciprocalArraySum$ForkJoinCompute.compute(ReciprocalArraySum.java:198)
	at edu.coursera.parallel.ReciprocalArraySum$ForkJoinCompute.compute(ReciprocalArraySum.java:198)
	at edu.coursera.parallel.ReciprocalArraySum$ForkJoinCompute.compute(ReciprocalArraySum.java:198)
	at edu.coursera.parallel.ReciprocalArraySum$ForkJoinCompute.compute(ReciprocalArraySum.java:198)
	at edu.coursera.parallel.ReciprocalArraySum$ForkJoinCompute.compute(ReciprocalArraySum.java:198)
	at edu.coursera.parallel.ReciprocalArraySum$ForkJoinCompute.compute(ReciprocalArraySum.java:198)
	at edu.coursera.parallel.ReciprocalArraySum$ForkJoinCompute.compute(ReciprocalArraySum.java:198)
	at edu.coursera.parallel.ReciprocalArraySum$ForkJoinCompute.compute(ReciprocalArraySum.java:198)
	at edu.coursera.parallel.ReciprocalArraySum$ForkJoinCompute.compute(ReciprocalArraySum.java:198)
	at edu.coursera.parallel.ReciprocalArraySum$ForkJoinCompute.compute(ReciprocalArraySum.java:198)
	at edu.coursera.parallel.ReciprocalArraySum$ForkJoinCompute.compute(ReciprocalArraySum.java:198)
	at edu.coursera.parallel.ReciprocalArraySum$ForkJoinCompute.compute(ReciprocalArraySum.java:198)
	at edu.coursera.parallel.ReciprocalArraySum$ForkJoinCompute.compute(ReciprocalArraySum.java:198)
	at edu.coursera.parallel.ReciprocalArraySum$ForkJoinCompute.compute(ReciprocalArraySum.java:198)
	at edu.coursera.parallel.ReciprocalArraySum$ForkJoinCompute.compute(ReciprocalArraySum.java:198)
	at edu.coursera.parallel.ReciprocalArraySum$ForkJoinCompute.compute(ReciprocalArraySum.java:198)
	at edu.coursera.parallel.ReciprocalArraySum$ForkJoinCompute.compute(ReciprocalArraySum.java:198)
	at edu.coursera.parallel.ReciprocalArraySum$ForkJoinCompute.compute(ReciprocalArraySum.java:198)
	at edu.coursera.parallel.ReciprocalArraySum$ForkJoinCompute.compute(ReciprocalArraySum.java:198)
	at edu.coursera.parallel.ReciprocalArraySum$ForkJoinCompute.compute(ReciprocalArraySum.java:198)
	at edu.coursera.parallel.ReciprocalArraySum$ForkJoinCompute.compute(ReciprocalArraySum.java:198)
	at edu.coursera.parallel.ReciprocalArraySum$ForkJoinCompute.compute(ReciprocalArraySum.java:198)
	at edu.coursera.parallel.ReciprocalArraySum$ForkJoinCompute.compute(ReciprocalArraySum.java:198)
	at edu.coursera.parallel.ReciprocalArraySum$ForkJoinCompute.compute(ReciprocalArraySum.java:198)
	at edu.coursera.parallel.ReciprocalArraySum$ForkJoinCompute.compute(ReciprocalArraySum.java:198)
	at edu.coursera.parallel.ReciprocalArraySum$ForkJoinCompute.compute(ReciprocalArraySum.java:198)
	at edu.coursera.parallel.ReciprocalArraySum$ForkJoinCompute.compute(ReciprocalArraySum.java:198)
	at edu.coursera.parallel.ReciprocalArraySum$ForkJoinCompute.compute(ReciprocalArraySum.java:198)
	at edu.coursera.parallel.ReciprocalArraySum$ForkJoinCompute.compute(ReciprocalArraySum.java:198)
	at edu.coursera.parallel.ReciprocalArraySum$ForkJoinCompute.compute(ReciprocalArraySum.java:198)
	at edu.coursera.parallel.ReciprocalArraySum$ForkJoinCompute.compute(ReciprocalArraySum.java:198)
	at edu.coursera.parallel.ReciprocalArraySum$ForkJoinCompute.compute(ReciprocalArraySum.java:198)
	at edu.coursera.parallel.ReciprocalArraySum$ForkJoinCompute.compute(ReciprocalArraySum.java:198)
	at edu.coursera.parallel.ReciprocalArraySum$ForkJoinCompute.compute(ReciprocalArraySum.java:198)
	at edu.coursera.parallel.ReciprocalArraySum$ForkJoinCompute.compute(ReciprocalArraySum.java:198)
	at edu.coursera.parallel.ReciprocalArraySum$ForkJoinCompute.compute(ReciprocalArraySum.java:198)
	at edu.coursera.parallel.ReciprocalArraySum$ForkJoinCompute.compute(ReciprocalArraySum.java:198)
	at edu.coursera.parallel.ReciprocalArraySum$ForkJoinCompute.compute(ReciprocalArraySum.java:198)
	at edu.coursera.parallel.ReciprocalArraySum$ForkJoinCompute.compute(ReciprocalArraySum.java:198)
	at edu.coursera.parallel.ReciprocalArraySum$ForkJoinCompute.compute(ReciprocalArraySum.java:198)
	at edu.coursera.parallel.ReciprocalArraySum$ForkJoinCompute.compute(ReciprocalArraySum.java:198)
	at edu.coursera.parallel.ReciprocalArraySum$ForkJoinCompute.compute(ReciprocalArraySum.java:198)
	at edu.coursera.parallel.ReciprocalArraySum$ForkJoinCompute.compute(ReciprocalArraySum.java:198)
	at edu.coursera.parallel.ReciprocalArraySum$ForkJoinCompute.compute(ReciprocalArraySum.java:198)
	at edu.coursera.parallel.ReciprocalArraySum$ForkJoinCompute.compute(ReciprocalArraySum.java:198)
	at edu.coursera.parallel.ReciprocalArraySum$ForkJoinCompute.compute(ReciprocalArraySum.java:198)
	at edu.coursera.parallel.ReciprocalArraySum$ForkJoinCompute.compute(ReciprocalArraySum.java:198)
	at edu.coursera.parallel.ReciprocalArraySum$ForkJoinCompute.compute(ReciprocalArraySum.java:198)
	at edu.coursera.parallel.ReciprocalArraySum$ForkJoinCompute.compute(ReciprocalArraySum.java:198)
	at edu.coursera.parallel.ReciprocalArraySum$ForkJoinCompute.compute(ReciprocalArraySum.java:198)
	at edu.coursera.parallel.ReciprocalArraySum$ForkJoinCompute.compute(ReciprocalArraySum.java:198)
	at edu.coursera.parallel.ReciprocalArraySum$ForkJoinCompute.compute(ReciprocalArraySum.java:198)
	at edu.coursera.parallel.ReciprocalArraySum$ForkJoinCompute.compute(ReciprocalArraySum.java:198)
	at edu.coursera.parallel.ReciprocalArraySum$ForkJoinCompute.compute(ReciprocalArraySum.java:198)
	at edu.coursera.parallel.ReciprocalArraySum$ForkJoinCompute.compute(ReciprocalArraySum.java:198)
	at edu.coursera.parallel.ReciprocalArraySum$ForkJoinCompute.compute(ReciprocalArraySum.java:198)
	at edu.coursera.parallel.ReciprocalArraySum$ForkJoinCompute.compute(ReciprocalArraySum.java:198)
	at edu.coursera.parallel.ReciprocalArraySum$ForkJoinCompute.compute(ReciprocalArraySum.java:198)
	at edu.coursera.parallel.ReciprocalArraySum$ForkJoinCompute.compute(ReciprocalArraySum.java:198)
	at edu.coursera.parallel.ReciprocalArraySum$ForkJoinCompute.compute(ReciprocalArraySum.java:198)
	at edu.coursera.parallel.ReciprocalArraySum$ForkJoinCompute.compute(ReciprocalArraySum.java:198)
	at edu.coursera.parallel.ReciprocalArraySum$ForkJoinCompute.compute(ReciprocalArraySum.java:198)
	at edu.coursera.parallel.ReciprocalArraySum$ForkJoinCompute.compute(ReciprocalArraySum.java:198)
	at edu.coursera.parallel.ReciprocalArraySum$ForkJoinCompute.compute(ReciprocalArraySum.java:198)
	at edu.coursera.parallel.ReciprocalArraySum$ForkJoinCompute.compute(ReciprocalArraySum.java:198)
	at edu.coursera.parallel.ReciprocalArraySum$ForkJoinCompute.compute(ReciprocalArraySum.java:198)
[...]
	at edu.coursera.parallel.ReciprocalArraySum$ForkJoinCompute.compute(ReciprocalArraySum.java:198)
	at edu.coursera.parallel.ReciprocalArraySum$ForkJoinCompute.compute(ReciprocalArraySum.java:198)
	at edu.coursera.parallel.ReciprocalArraySum$ForkJoinCompute.compute(ReciprocalArraySum.java:198)
	at edu.coursera.parallel.ReciprocalArraySum$ForkJoinCompute.compute(ReciprocalArraySum.java:198)
	at edu.coursera.parallel.ReciprocalArraySum$ForkJoinCompute.compute(ReciprocalArraySum.java:198)
	at edu.coursera.parallel.ReciprocalArraySum$ForkJoinCompute.compute(ReciprocalArraySum.java:198)
	at edu.coursera.parallel.ReciprocalArraySum$ForkJoinCompute.compute(ReciprocalArraySum.java:198)
	at edu.coursera.parallel.ReciprocalArraySum$ForkJoinCompute.compute(ReciprocalArraySum.java:198)
	at edu.coursera.parallel.ReciprocalArraySum$ForkJoinCompute.compute(ReciprocalArraySum.java:198)
	at edu.coursera.parallel.ReciprocalArraySum$ForkJoinCompute.compute(ReciprocalArraySum.java:198)
	at edu.coursera.parallel.ReciprocalArraySum$ForkJoinCompute.compute(ReciprocalArraySum.java:198)
	at edu.coursera.parallel.ReciprocalArraySum$ForkJoinCompute.compute(ReciprocalArraySum.java:198)
	at edu.coursera.parallel.ReciprocalArraySum$ForkJoinCompute.compute(ReciprocalArraySum.java:198)
	at edu.coursera.parallel.ReciprocalArraySum$ForkJoinCompute.compute(ReciprocalArraySum.java:198)
	at edu.coursera.parallel.ReciprocalArraySum$ForkJoinCompute.compute(ReciprocalArraySum.java:198)
	at edu.coursera.parallel.ReciprocalArraySum$ForkJoinCompute.compute(ReciprocalArraySum.java:198)
	at edu.coursera.parallel.ReciprocalArraySum$ForkJoinCompute.compute(ReciprocalArraySum.java:198)
	at edu.coursera.parallel.ReciprocalArraySum$ForkJoinCompute.compute(ReciprocalArraySum.java:198)
	at edu.coursera.parallel.ReciprocalArraySum$ForkJoinCompute.compute(ReciprocalArraySum.java:198)
	at edu.coursera.parallel.ReciprocalArraySum$ForkJoinCompute.compute(ReciprocalArraySum.java:198)
	at edu.coursera.parallel.ReciprocalArraySum$ForkJoinCompute.compute(ReciprocalArraySum.java:198)
	at edu.coursera.parallel.ReciprocalArraySum$ForkJoinCompute.compute(ReciprocalArraySum.java:198)
	at edu.coursera.parallel.ReciprocalArraySum$ForkJoinCompute.compute(ReciprocalArraySum.java:198)
	at edu.coursera.parallel.ReciprocalArraySum$ForkJoinCompute.compute(ReciprocalArraySum.java:198)
	at edu.coursera.parallel.ReciprocalArraySum$ForkJoinCompute.compute(ReciprocalArraySum.java:198)
	at edu.coursera.parallel.ReciprocalArraySum$ForkJoinCompute.compute(ReciprocalArraySum.java:198)
	at edu.coursera.parallel.ReciprocalArraySum$ForkJoinCompute.compute(ReciprocalArraySum.java:198)
	at edu.coursera.parallel.ReciprocalArraySum$ForkJoinCompute.compute(ReciprocalArraySum.java:198)
	at edu.coursera.parallel.ReciprocalArraySum$ForkJoinCompute.compute(ReciprocalArraySum.java:198)
	at edu.coursera.parallel.ReciprocalArraySum$ForkJoinCompute.compute(ReciprocalArraySum.java:198)
	at edu.coursera.parallel.ReciprocalArraySum$ForkJoinCompute.compute(ReciprocalArraySum.java:198)
	at edu.coursera.parallel.ReciprocalArraySum$ForkJoinCompute.compute(ReciprocalArraySum.java:198)
	at edu.coursera.parallel.ReciprocalArraySum$ForkJoinCompute.compute(ReciprocalArraySum.java:198)
	at edu.coursera.parallel.ReciprocalArraySum$ForkJoinCompute.compute(ReciprocalArraySum.java:198)
	at edu.coursera.parallel.ReciprocalArraySum$ForkJoinCompute.compute(ReciprocalArraySum.java:198)
	at edu.coursera.parallel.ReciprocalArraySum$ForkJoinCompute.compute(ReciprocalArraySum.java:198)
	at edu.coursera.parallel.ReciprocalArraySum$ForkJoinCompute.compute(ReciprocalArraySum.java:198)
	at edu.coursera.parallel.ReciprocalArraySum$ForkJoinCompute.compute(ReciprocalArraySum.java:198)
	at edu.coursera.parallel.ReciprocalArraySum$ForkJoinCompute.compute(ReciprocalArraySum.java:198)
	at edu.coursera.parallel.ReciprocalArraySum$ForkJoinCompute.compute(ReciprocalArraySum.java:198)
	at edu.coursera.parallel.ReciprocalArraySum$ForkJoinCompute.compute(ReciprocalArraySum.java:198)
	at edu.coursera.parallel.ReciprocalArraySum$ForkJoinCompute.compute(ReciprocalArraySum.java:198)
	at edu.coursera.parallel.ReciprocalArraySum$ForkJoinCompute.compute(ReciprocalArraySum.java:198)
	at edu.coursera.parallel.ReciprocalArraySum$ForkJoinCompute.compute(ReciprocalArraySum.java:198)
	at edu.coursera.parallel.ReciprocalArraySum$ForkJoinCompute.compute(ReciprocalArraySum.java:198)
	at edu.coursera.parallel.ReciprocalArraySum$ForkJoinCompute.compute(ReciprocalArraySum.java:198)
	at edu.coursera.parallel.ReciprocalArraySum$ForkJoinCompute.compute(ReciprocalArraySum.java:198)
	at edu.coursera.parallel.ReciprocalArraySum$ForkJoinCompute.compute(ReciprocalArraySum.java:198)
	at edu.coursera.parallel.ReciprocalArraySum$ForkJoinCompute.compute(ReciprocalArraySum.java:198)
	at edu.coursera.parallel.ReciprocalArraySum$ForkJoinCompute.compute(ReciprocalArraySum.java:198)
	at edu.coursera.parallel.ReciprocalArraySum$ForkJoinCompute.compute(ReciprocalArraySum.java:198)
	at edu.coursera.parallel.ReciprocalArraySum$ForkJoinCompute.compute(ReciprocalArraySum.java:198)
	at edu.coursera.parallel.ReciprocalArraySum$ForkJoinCompute.compute(ReciprocalArraySum.java:198)
	at edu.coursera.parallel.ReciprocalArraySum$ForkJoinCompute.compute(ReciprocalArraySum.java:198)
	at edu.coursera.parallel.ReciprocalArraySum$ForkJoinCompute.compute(ReciprocalArraySum.java:198)
	at edu.coursera.parallel.ReciprocalArraySum$ForkJoinCompute.compute(ReciprocalArraySum.java:198)
	at edu.coursera.parallel.ReciprocalArraySum$ForkJoinCompute.compute(ReciprocalArraySum.java:198)
	at edu.coursera.parallel.ReciprocalArraySum$ForkJoinCompute.compute(ReciprocalArraySum.java:198)
	at edu.coursera.parallel.ReciprocalArraySum$ForkJoinCompute.compute(ReciprocalArraySum.java:198)
	at edu.coursera.parallel.ReciprocalArraySum$ForkJoinCompute.compute(ReciprocalArraySum.java:198)
	at edu.coursera.parallel.ReciprocalArraySum$ForkJoinCompute.compute(ReciprocalArraySum.java:198)
	at edu.coursera.parallel.ReciprocalArraySum$ForkJoinCompute.compute(ReciprocalArraySum.java:198)
	at edu.coursera.parallel.ReciprocalArraySum$ForkJoinCompute.compute(ReciprocalArraySum.java:198)
	at edu.coursera.parallel.ReciprocalArraySum$ForkJoinCompute.compute(ReciprocalArraySum.java:198)
	at edu.coursera.parallel.ReciprocalArraySum$ForkJoinCompute.compute(ReciprocalArraySum.java:198)
	at edu.coursera.parallel.ReciprocalArraySum$ForkJoinCompute.compute(ReciprocalArraySum.java:198)
	at edu.coursera.parallel.ReciprocalArraySum$ForkJoinCompute.compute(ReciprocalArraySum.java:198)
	at edu.coursera.parallel.ReciprocalArraySum$ForkJoinCompute.compute(ReciprocalArraySum.java:198)
	at edu.coursera.parallel.ReciprocalArraySum$ForkJoinCompute.compute(ReciprocalArraySum.java:198)
	at edu.coursera.parallel.ReciprocalArraySum$ForkJoinCompute.compute(ReciprocalArraySum.java:198)
	at edu.coursera.parallel.ReciprocalArraySum$ForkJoinCompute.compute(ReciprocalArraySum.java:198)
	at edu.coursera.parallel.ReciprocalArraySum$ForkJoinCompute.compute(ReciprocalArraySum.java:198)
	at edu.coursera.parallel.ReciprocalArraySum$ForkJoinCompute.compute(ReciprocalArraySum.java:198)
	at edu.coursera.parallel.ReciprocalArraySum$ForkJoinCompute.compute(ReciprocalArraySum.java:198)
	at edu.coursera.parallel.ReciprocalArraySum$ForkJoinCompute.compute(ReciprocalArraySum.java:198)
	at edu.coursera.parallel.ReciprocalArraySum$ForkJoinCompute.compute(ReciprocalArraySum.java:198)
	at edu.coursera.parallel.ReciprocalArraySum$ForkJoinCompute.compute(ReciprocalArraySum.java:198)
	at edu.coursera.parallel.ReciprocalArraySum$ForkJoinCompute.compute(ReciprocalArraySum.java:198)
	at edu.coursera.parallel.ReciprocalArraySum$ForkJoinCompute.compute(ReciprocalArraySum.java:198)
	at edu.coursera.parallel.ReciprocalArraySum$ForkJoinCompute.compute(ReciprocalArraySum.java:198)
	at edu.coursera.parallel.ReciprocalArraySum$ForkJoinCompute.compute(ReciprocalArraySum.java:198)
	at edu.coursera.parallel.ReciprocalArraySum$ForkJoinCompute.compute(ReciprocalArraySum.java:198)
	at edu.coursera.parallel.ReciprocalArraySum$ForkJoinCompute.compute(ReciprocalArraySum.java:198)
	at edu.coursera.parallel.ReciprocalArraySum$ForkJoinCompute.compute(ReciprocalArraySum.java:198)
	at edu.coursera.parallel.ReciprocalArraySum$ForkJoinCompute.compute(ReciprocalArraySum.java:198)
	at edu.coursera.parallel.ReciprocalArraySum$ForkJoinCompute.compute(ReciprocalArraySum.java:198)
	at edu.coursera.parallel.ReciprocalArraySum$ForkJoinCompute.compute(ReciprocalArraySum.java:198)
	at edu.coursera.parallel.ReciprocalArraySum$ForkJoinCompute.compute(ReciprocalArraySum.java:198)
	at edu.coursera.parallel.ReciprocalArraySum$ForkJoinCompute.compute(ReciprocalArraySum.java:198)
	at edu.coursera.parallel.ReciprocalArraySum$ForkJoinCompute.compute(ReciprocalArraySum.java:198)
	at edu.coursera.parallel.ReciprocalArraySum$ForkJoinCompute.compute(ReciprocalArraySum.java:198)
	at edu.coursera.parallel.ReciprocalArraySum$ForkJoinCompute.compute(ReciprocalArraySum.java:198)
	at edu.coursera.parallel.ReciprocalArraySum$ForkJoinCompute.compute(ReciprocalArraySum.java:198)
	at edu.coursera.parallel.ReciprocalArraySum$ForkJoinCompute.compute(ReciprocalArraySum.java:198)
	at edu.coursera.parallel.ReciprocalArraySum$ForkJoinCompute.compute(ReciprocalArraySum.java:198)
	at edu.coursera.parallel.ReciprocalArraySum$ForkJoinCompute.compute(ReciprocalArraySum.java:198)
	at edu.coursera.parallel.ReciprocalArraySum$ForkJoinCompute.compute(ReciprocalArraySum.java:198)
	at edu.coursera.parallel.ReciprocalArraySum$ForkJoinCompute.compute(ReciprocalArraySum.java:198)
	at edu.coursera.parallel.ReciprocalArraySum$ForkJoinCompute.compute(ReciprocalArraySum.java:198)
	at edu.coursera.parallel.ReciprocalArraySum$ForkJoinCompute.compute(ReciprocalArraySum.java:198)
	at edu.coursera.parallel.ReciprocalArraySum$ForkJoinCompute.compute(ReciprocalArraySum.java:198)
	at edu.coursera.parallel.ReciprocalArraySum$ForkJoinCompute.compute(ReciprocalArraySum.java:198)
	at edu.coursera.parallel.ReciprocalArraySum$ForkJoinCompute.compute(ReciprocalArraySum.java:198)
	at edu.coursera.parallel.ReciprocalArraySum$ForkJoinCompute.compute(ReciprocalArraySum.java:198)
	at edu.coursera.parallel.ReciprocalArraySum$ForkJoinCompute.compute(ReciprocalArraySum.java:198)
	at edu.coursera.parallel.ReciprocalArraySum$ForkJoinCompute.compute(ReciprocalArraySum.java:198)
	at edu.coursera.parallel.ReciprocalArraySum$ForkJoinCompute.compute(ReciprocalArraySum.java:198)
	at edu.coursera.parallel.ReciprocalArraySum$ForkJoinCompute.compute(ReciprocalArraySum.java:198)
	at edu.coursera.parallel.ReciprocalArraySum$ForkJoinCompute.compute(ReciprocalArraySum.java:198)
	at edu.coursera.parallel.ReciprocalArraySum$ForkJoinCompute.compute(ReciprocalArraySum.java:198)
	at edu.coursera.parallel.ReciprocalArraySum$ForkJoinCompute.compute(ReciprocalArraySum.java:198)
	at edu.coursera.parallel.ReciprocalArraySum$ForkJoinCompute.compute(ReciprocalArraySum.java:198)
	at edu.coursera.parallel.ReciprocalArraySum$ForkJoinCompute.compute(ReciprocalArraySum.java:198)
	at edu.coursera.parallel.ReciprocalArraySum$ForkJoinCompute.compute(ReciprocalArraySum.java:198)
	at edu.coursera.parallel.ReciprocalArraySum$ForkJoinCompute.compute(ReciprocalArraySum.java:198)
	at edu.coursera.parallel.ReciprocalArraySum$ForkJoinCompute.compute(ReciprocalArraySum.java:198)
	at edu.coursera.parallel.ReciprocalArraySum$ForkJoinCompute.compute(ReciprocalArraySum.java:198)
	at edu.coursera.parallel.ReciprocalArraySum$ForkJoinCompute.compute(ReciprocalArraySum.java:198)
	at edu.coursera.parallel.ReciprocalArraySum$ForkJoinCompute.compute(ReciprocalArraySum.java:198)
	at edu.coursera.parallel.ReciprocalArraySum$ForkJoinCompute.compute(ReciprocalArraySum.java:198)
	at edu.coursera.parallel.ReciprocalArraySum$ForkJoinCompute.compute(ReciprocalArraySum.java:198)
	at edu.coursera.parallel.ReciprocalArraySum$ForkJoinCompute.compute(ReciprocalArraySum.java:198)
	at edu.coursera.parallel.ReciprocalArraySum$ForkJoinCompute.compute(ReciprocalArraySum.java:198)
	at edu.coursera.parallel.ReciprocalArraySum$ForkJoinCompute.compute(ReciprocalArraySum.java:198)
	at edu.coursera.parallel.ReciprocalArraySum$ForkJoinCompute.compute(ReciprocalArraySum.java:198)
	at edu.coursera.parallel.ReciprocalArraySum$ForkJoinCompute.compute(ReciprocalArraySum.java:198)
	at edu.coursera.parallel.ReciprocalArraySum$ForkJoinCompute.compute(ReciprocalArraySum.java:198)
	at edu.coursera.parallel.ReciprocalArraySum$ForkJoinCompute.compute(ReciprocalArraySum.java:198)
	at edu.coursera.parallel.ReciprocalArraySum$ForkJoinCompute.compute(ReciprocalArraySum.java:198)
	at edu.coursera.parallel.ReciprocalArraySum$ForkJoinCompute.compute(ReciprocalArraySum.java:198)
	at edu.coursera.parallel.ReciprocalArraySum$ForkJoinCompute.compute(ReciprocalArraySum.java:198)
	at edu.coursera.parallel.ReciprocalArraySum$ForkJoinCompute.compute(ReciprocalArraySum.java:198)
	at edu.coursera.parallel.ReciprocalArraySum$ForkJoinCompute.compute(ReciprocalArraySum.java:198)
	at edu.coursera.parallel.ReciprocalArraySum$ForkJoinCompute.compute(ReciprocalArraySum.java:198)
	at edu.coursera.parallel.ReciprocalArraySum$ForkJoinCompute.compute(ReciprocalArraySum.java:198)
	at edu.coursera.parallel.ReciprocalArraySum$ForkJoinCompute.compute(ReciprocalArraySum.java:198)
	at edu.coursera.parallel.ReciprocalArraySum$ForkJoinCompute.compute(ReciprocalArraySum.java:198)
	at edu.coursera.parallel.ReciprocalArraySum$ForkJoinCompute.compute(ReciprocalArraySum.java:198)
	at edu.coursera.parallel.ReciprocalArraySum$ForkJoinCompute.compute(ReciprocalArraySum.java:198)
	at edu.coursera.parallel.ReciprocalArraySum$ForkJoinCompute.compute(ReciprocalArraySum.java:198)
	at edu.coursera.parallel.ReciprocalArraySum$ForkJoinCompute.compute(ReciprocalArraySum.java:198)
	at edu.coursera.parallel.ReciprocalArraySum$ForkJoinCompute.compute(ReciprocalArraySum.java:198)
	at edu.coursera.parallel.ReciprocalArraySum$ForkJoinCompute.compute(ReciprocalArraySum.java:198)
	at edu.coursera.parallel.ReciprocalArraySum$ForkJoinCompute.compute(ReciprocalArraySum.java:198)
	at edu.coursera.parallel.ReciprocalArraySum$ForkJoinCompute.compute(ReciprocalArraySum.java:198)
	at edu.coursera.parallel.ReciprocalArraySum$ForkJoinCompute.compute(ReciprocalArraySum.java:198)
	at edu.coursera.parallel.ReciprocalArraySum$ForkJoinCompute.compute(ReciprocalArraySum.java:198)
	at edu.coursera.parallel.ReciprocalArraySum$ForkJoinCompute.compute(ReciprocalArraySum.java:198)
	at edu.coursera.parallel.ReciprocalArraySum$ForkJoinCompute.compute(ReciprocalArraySum.java:198)
	at edu.coursera.parallel.ReciprocalArraySum$ForkJoinCompute.compute(ReciprocalArraySum.java:198)
	at edu.coursera.parallel.ReciprocalArraySum$ForkJoinCompute.compute(ReciprocalArraySum.java:198)
	at edu.coursera.parallel.ReciprocalArraySum$ForkJoinCompute.compute(ReciprocalArraySum.java:198)
	at edu.coursera.parallel.ReciprocalArraySum$ForkJoinCompute.compute(ReciprocalArraySum.java:198)
	at edu.coursera.parallel.ReciprocalArraySum$ForkJoinCompute.compute(ReciprocalArraySum.java:198)
	at edu.coursera.parallel.ReciprocalArraySum$ForkJoinCompute.compute(ReciprocalArraySum.java:198)
	at edu.coursera.parallel.ReciprocalArraySum$ForkJoinCompute.compute(ReciprocalArraySum.java:198)
	at edu.coursera.parallel.ReciprocalArraySum$ForkJoinCompute.compute(ReciprocalArraySum.java:198)
	at edu.coursera.parallel.ReciprocalArraySum$ForkJoinCompute.compute(ReciprocalArraySum.java:198)
	at edu.coursera.parallel.ReciprocalArraySum$ForkJoinCompute.compute(ReciprocalArraySum.java:198)
	at edu.coursera.parallel.ReciprocalArraySum$ForkJoinCompute.compute(ReciprocalArraySum.java:198)
	at edu.coursera.parallel.ReciprocalArraySum$ForkJoinCompute.compute(ReciprocalArraySum.java:198)
	at edu.coursera.parallel.ReciprocalArraySum$ForkJoinCompute.compute(ReciprocalArraySum.java:198)
	at edu.coursera.parallel.ReciprocalArraySum$ForkJoinCompute.compute(ReciprocalArraySum.java:198)
	at edu.coursera.parallel.ReciprocalArraySum$ForkJoinCompute.compute(ReciprocalArraySum.java:198)
	at edu.coursera.parallel.ReciprocalArraySum$ForkJoinCompute.compute(ReciprocalArraySum.java:198)
	at edu.coursera.parallel.ReciprocalArraySum$ForkJoinCompute.compute(ReciprocalArraySum.java:198)
	at edu.coursera.parallel.ReciprocalArraySum$ForkJoinCompute.compute(ReciprocalArraySum.java:198)
	at edu.coursera.parallel.ReciprocalArraySum$ForkJoinCompute.compute(ReciprocalArraySum.java:198)
	at edu.coursera.parallel.ReciprocalArraySum$ForkJoinCompute.compute(ReciprocalArraySum.java:198)
	at edu.coursera.parallel.ReciprocalArraySum$ForkJoinCompute.compute(ReciprocalArraySum.java:198)
	at edu.coursera.parallel.ReciprocalArraySum$ForkJoinCompute.compute(ReciprocalArraySum.java:198)
	at edu.coursera.parallel.ReciprocalArraySum$ForkJoinCompute.compute(ReciprocalArraySum.java:198)
	at edu.coursera.parallel.ReciprocalArraySum$ForkJoinCompute.compute(ReciprocalArraySum.java:198)
	at edu.coursera.parallel.ReciprocalArraySum$ForkJoinCompute.compute(ReciprocalArraySum.java:198)
	at edu.coursera.parallel.ReciprocalArraySum$ForkJoinCompute.compute(ReciprocalArraySum.java:198)
	at edu.coursera.parallel.ReciprocalArraySum$ForkJoinCompute.compute(ReciprocalArraySum.java:198)
	at edu.coursera.parallel.ReciprocalArraySum$ForkJoinCompute.compute(ReciprocalArraySum.java:198)
	at edu.coursera.parallel.ReciprocalArraySum$ForkJoinCompute.compute(ReciprocalArraySum.java:198)
	at edu.coursera.parallel.ReciprocalArraySum$ForkJoinCompute.compute(ReciprocalArraySum.java:198)
	at edu.coursera.parallel.ReciprocalArraySum$ForkJoinCompute.compute(ReciprocalArraySum.java:198)
	at edu.coursera.parallel.ReciprocalArraySum$ForkJoinCompute.compute(ReciprocalArraySum.java:198)
	at edu.coursera.parallel.ReciprocalArraySum$ForkJoinCompute.compute(ReciprocalArraySum.java:198)
	at edu.coursera.parallel.ReciprocalArraySum$ForkJoinCompute.compute(ReciprocalArraySum.java:198)
	at edu.coursera.parallel.ReciprocalArraySum$ForkJoinCompute.compute(ReciprocalArraySum.java:198)
	at edu.coursera.parallel.ReciprocalArraySum$ForkJoinCompute.compute(ReciprocalArraySum.java:198)
	at edu.coursera.parallel.ReciprocalArraySum$ForkJoinCompute.compute(ReciprocalArraySum.java:198)
	at edu.coursera.parallel.ReciprocalArraySum$ForkJoinCompute.compute(ReciprocalArraySum.java:198)
	at edu.coursera.parallel.ReciprocalArraySum$ForkJoinCompute.compute(ReciprocalArraySum.java:198)
	at edu.coursera.parallel.ReciprocalArraySum$ForkJoinCompute.compute(ReciprocalArraySum.java:198)
	at edu.coursera.parallel.ReciprocalArraySum$ForkJoinCompute.compute(ReciprocalArraySum.java:198)
	at edu.coursera.parallel.ReciprocalArraySum$ForkJoinCompute.compute(ReciprocalArraySum.java:198)
	at edu.coursera.parallel.ReciprocalArraySum$ForkJoinCompute.compute(ReciprocalArraySum.java:198)
	at edu.coursera.parallel.ReciprocalArraySum$ForkJoinCompute.compute(ReciprocalArraySum.java:198)
	at edu.coursera.parallel.ReciprocalArraySum$ForkJoinCompute.compute(ReciprocalArraySum.java:198)
	at edu.coursera.parallel.ReciprocalArraySum$ForkJoinCompute.compute(ReciprocalArraySum.java:198)
	at edu.coursera.parallel.ReciprocalArraySum$ForkJoinCompute.compute(ReciprocalArraySum.java:198)
	at edu.coursera.parallel.ReciprocalArraySum$ForkJoinCompute.compute(ReciprocalArraySum.java:198)
	at edu.coursera.parallel.ReciprocalArraySum$ForkJoinCompute.compute(ReciprocalArraySum.java:198)
	at edu.coursera.parallel.ReciprocalArraySum$ForkJoinCompute.compute(ReciprocalArraySum.java:198)
	at edu.coursera.parallel.ReciprocalArraySum$ForkJoinCompute.compute(ReciprocalArraySum.java:198)
	at edu.coursera.parallel.ReciprocalArraySum$ForkJoinCompute.compute(ReciprocalArraySum.java:198)
	at edu.coursera.parallel.ReciprocalArraySum$ForkJoinCompute.compute(ReciprocalArraySum.java:198)
	at edu.coursera.parallel.ReciprocalArraySum$ForkJoinCompute.compute(ReciprocalArraySum.java:198)
	at edu.coursera.parallel.ReciprocalArraySum$ForkJoinCompute.compute(ReciprocalArraySum.java:198)

